M5 Simulator System

Copyright (c) 2001-2008
The Regents of The University of Michigan
All Rights Reserved


M5 compiled Aug 18 2011 16:33:53
M5 revision Unknown
M5 started Aug 18 2011 17:21:20
M5 executing on natai
command line: build/ALPHA_SE/m5.opt --trace-flags=L2CacheTrace configs/spec2006/se.py --caches --l2cache -d --l2_size 256kB --l2_size 256kB --fast-forward=1000 --maxinsts 2500 -s -n 16 --bench bzip2-gcc-gcc-soplex-mcf-mcf-mcf-mcf-bzip2-bzip2-bzip2-gcc-gcc-soplex-soplex-soplex
Filename filename 

*********************app = bzip2********************
input_set = ref
bzip2('alpha', 'tru64', 'ref')
inputs_dir = /scratch/tripti/cpu2006/data/bzip2/ref/input 
outputs_dir = /scratch/tripti/cpu2006/data/bzip2/ref/output 
*********************app = gcc********************
input_set = ref
gcc('alpha', 'tru64', 'ref')
inputs_dir = /scratch/tripti/cpu2006/data/gcc/ref/input 
outputs_dir = /scratch/tripti/cpu2006/data/gcc/ref/output 
*********************app = gcc********************
input_set = ref
gcc('alpha', 'tru64', 'ref')
inputs_dir = /scratch/tripti/cpu2006/data/gcc/ref/input 
outputs_dir = /scratch/tripti/cpu2006/data/gcc/ref/output 
*********************app = soplex********************
input_set = ref
soplex('alpha', 'tru64', 'ref')
inputs_dir = /scratch/tripti/cpu2006/data/soplex/ref/input 
outputs_dir = /scratch/tripti/cpu2006/data/soplex/ref/output 
*********************app = mcf********************
input_set = ref
mcf('alpha', 'tru64', 'ref')
inputs_dir = /scratch/tripti/cpu2006/data/mcf/ref/input 
outputs_dir = /scratch/tripti/cpu2006/data/mcf/ref/output 
*********************app = mcf********************
input_set = ref
mcf('alpha', 'tru64', 'ref')
inputs_dir = /scratch/tripti/cpu2006/data/mcf/ref/input 
outputs_dir = /scratch/tripti/cpu2006/data/mcf/ref/output 
*********************app = mcf********************
input_set = ref
mcf('alpha', 'tru64', 'ref')
inputs_dir = /scratch/tripti/cpu2006/data/mcf/ref/input 
outputs_dir = /scratch/tripti/cpu2006/data/mcf/ref/output 
*********************app = mcf********************
input_set = ref
mcf('alpha', 'tru64', 'ref')
inputs_dir = /scratch/tripti/cpu2006/data/mcf/ref/input 
outputs_dir = /scratch/tripti/cpu2006/data/mcf/ref/output 
*********************app = bzip2********************
input_set = ref
bzip2('alpha', 'tru64', 'ref')
inputs_dir = /scratch/tripti/cpu2006/data/bzip2/ref/input 
outputs_dir = /scratch/tripti/cpu2006/data/bzip2/ref/output 
*********************app = bzip2********************
input_set = ref
bzip2('alpha', 'tru64', 'ref')
inputs_dir = /scratch/tripti/cpu2006/data/bzip2/ref/input 
outputs_dir = /scratch/tripti/cpu2006/data/bzip2/ref/output 
*********************app = bzip2********************
input_set = ref
bzip2('alpha', 'tru64', 'ref')
inputs_dir = /scratch/tripti/cpu2006/data/bzip2/ref/input 
outputs_dir = /scratch/tripti/cpu2006/data/bzip2/ref/output 
*********************app = gcc********************
input_set = ref
gcc('alpha', 'tru64', 'ref')
inputs_dir = /scratch/tripti/cpu2006/data/gcc/ref/input 
outputs_dir = /scratch/tripti/cpu2006/data/gcc/ref/output 
*********************app = gcc********************
input_set = ref
gcc('alpha', 'tru64', 'ref')
inputs_dir = /scratch/tripti/cpu2006/data/gcc/ref/input 
outputs_dir = /scratch/tripti/cpu2006/data/gcc/ref/output 
*********************app = soplex********************
input_set = ref
soplex('alpha', 'tru64', 'ref')
inputs_dir = /scratch/tripti/cpu2006/data/soplex/ref/input 
outputs_dir = /scratch/tripti/cpu2006/data/soplex/ref/output 
*********************app = soplex********************
input_set = ref
soplex('alpha', 'tru64', 'ref')
inputs_dir = /scratch/tripti/cpu2006/data/soplex/ref/input 
outputs_dir = /scratch/tripti/cpu2006/data/soplex/ref/output 
*********************app = soplex********************
input_set = ref
soplex('alpha', 'tru64', 'ref')
inputs_dir = /scratch/tripti/cpu2006/data/soplex/ref/input 
outputs_dir = /scratch/tripti/cpu2006/data/soplex/ref/output 
*************************************************************
inside standard_switch
Global frequency set at 1000000000000 ticks per second
info: cache type = 2 nset = 512 , assoc = 8, blkSize = 64, hitLatency = 10000
info: tagShift = 15
info: cache type = 0 nset = 128 , assoc = 4, blkSize = 64, hitLatency = 1000
info: tagShift = 13
info: cache type = 1 nset = 128 , assoc = 4, blkSize = 64, hitLatency = 1000
info: tagShift = 13
info: cache type = 0 nset = 128 , assoc = 4, blkSize = 64, hitLatency = 1000
info: tagShift = 13
info: cache type = 1 nset = 128 , assoc = 4, blkSize = 64, hitLatency = 1000
info: tagShift = 13
info: cache type = 0 nset = 128 , assoc = 4, blkSize = 64, hitLatency = 1000
info: tagShift = 13
info: cache type = 1 nset = 128 , assoc = 4, blkSize = 64, hitLatency = 1000
info: tagShift = 13
info: cache type = 0 nset = 128 , assoc = 4, blkSize = 64, hitLatency = 1000
info: tagShift = 13
info: cache type = 1 nset = 128 , assoc = 4, blkSize = 64, hitLatency = 1000
info: tagShift = 13
info: cache type = 0 nset = 128 , assoc = 4, blkSize = 64, hitLatency = 1000
info: tagShift = 13
info: cache type = 1 nset = 128 , assoc = 4, blkSize = 64, hitLatency = 1000
info: tagShift = 13
info: cache type = 0 nset = 128 , assoc = 4, blkSize = 64, hitLatency = 1000
info: tagShift = 13
info: cache type = 1 nset = 128 , assoc = 4, blkSize = 64, hitLatency = 1000
info: tagShift = 13
info: cache type = 0 nset = 128 , assoc = 4, blkSize = 64, hitLatency = 1000
info: tagShift = 13
info: cache type = 1 nset = 128 , assoc = 4, blkSize = 64, hitLatency = 1000
info: tagShift = 13
info: cache type = 0 nset = 128 , assoc = 4, blkSize = 64, hitLatency = 1000
info: tagShift = 13
info: cache type = 1 nset = 128 , assoc = 4, blkSize = 64, hitLatency = 1000
info: tagShift = 13
info: cache type = 0 nset = 128 , assoc = 4, blkSize = 64, hitLatency = 1000
info: tagShift = 13
info: cache type = 1 nset = 128 , assoc = 4, blkSize = 64, hitLatency = 1000
info: tagShift = 13
info: cache type = 0 nset = 128 , assoc = 4, blkSize = 64, hitLatency = 1000
info: tagShift = 13
info: cache type = 1 nset = 128 , assoc = 4, blkSize = 64, hitLatency = 1000
info: tagShift = 13
info: cache type = 0 nset = 128 , assoc = 4, blkSize = 64, hitLatency = 1000
info: tagShift = 13
info: cache type = 1 nset = 128 , assoc = 4, blkSize = 64, hitLatency = 1000
info: tagShift = 13
info: cache type = 0 nset = 128 , assoc = 4, blkSize = 64, hitLatency = 1000
info: tagShift = 13
info: cache type = 1 nset = 128 , assoc = 4, blkSize = 64, hitLatency = 1000
info: tagShift = 13
info: cache type = 0 nset = 128 , assoc = 4, blkSize = 64, hitLatency = 1000
info: tagShift = 13
info: cache type = 1 nset = 128 , assoc = 4, blkSize = 64, hitLatency = 1000
info: tagShift = 13
info: cache type = 0 nset = 128 , assoc = 4, blkSize = 64, hitLatency = 1000
info: tagShift = 13
info: cache type = 1 nset = 128 , assoc = 4, blkSize = 64, hitLatency = 1000
info: tagShift = 13
info: cache type = 0 nset = 128 , assoc = 4, blkSize = 64, hitLatency = 1000
info: tagShift = 13
info: cache type = 1 nset = 128 , assoc = 4, blkSize = 64, hitLatency = 1000
info: tagShift = 13
info: cache type = 0 nset = 128 , assoc = 4, blkSize = 64, hitLatency = 1000
info: tagShift = 13
info: cache type = 1 nset = 128 , assoc = 4, blkSize = 64, hitLatency = 1000
info: tagShift = 13
Switch after fastworwarding instruction count:1000
info: Entering event queue @ 0.  Starting simulation...
   1000: system.l2: 448 0 
   1000: system.l2: 696768 1 
   1000: system.l2: 5865920 2 
   1000: system.l2: 11035072 3 
   1000: system.l2: 12853696 4 
   1000: system.l2: 13509056 5 
   1000: system.l2: 14164416 6 
   1000: system.l2: 14819776 7 
   1000: system.l2: 15475136 8 
   1000: system.l2: 16171456 9 
   1000: system.l2: 16867776 10 
   1000: system.l2: 17564096 11 
   1000: system.l2: 22733248 12 
   1000: system.l2: 27902400 13 
   1000: system.l2: 29721024 14 
   1000: system.l2: 31539648 15 
   7000: system.l2: 635456 0 
   7000: system.l2: 5061312 1 
   7000: system.l2: 10230464 2 
   7000: system.l2: 12720768 3 
   7000: system.l2: 13436992 4 
   7000: system.l2: 14092352 5 
   7000: system.l2: 14747712 6 
   7000: system.l2: 15403072 7 
   7000: system.l2: 16110144 8 
   7000: system.l2: 16806464 9 
   7000: system.l2: 17502784 10 
   7000: system.l2: 21928640 11 
   7000: system.l2: 27097792 12 
   7000: system.l2: 29588096 13 
   7000: system.l2: 31406720 14 
   7000: system.l2: 33225344 15 
   9000: system.l2: 655360 0 
   9000: system.l2: 5824512 1 
   9000: system.l2: 10993664 2 
   9000: system.l2: 12812288 3 
   9000: system.l2: 13467648 4 
   9000: system.l2: 14123008 5 
   9000: system.l2: 14778368 6 
   9000: system.l2: 15433728 7 
   9000: system.l2: 16130048 8 
   9000: system.l2: 16826368 9 
   9000: system.l2: 17522688 10 
   9000: system.l2: 22691840 11 
   9000: system.l2: 27860992 12 
   9000: system.l2: 29679616 13 
   9000: system.l2: 31498240 14 
   9000: system.l2: 33316864 15 
  11000: system.l2: 512 0 
  11000: system.l2: 696832 1 
  11000: system.l2: 5059200 1 
  11000: system.l2: 5865984 2 
  11000: system.l2: 10228352 2 
  11000: system.l2: 11035136 3 
  11000: system.l2: 12719424 3 
  11000: system.l2: 12853760 4 
  11000: system.l2: 13509120 5 
  11000: system.l2: 14164480 6 
  11000: system.l2: 14819840 7 
  11000: system.l2: 15475200 8 
  11000: system.l2: 16171520 9 
  11000: system.l2: 16867840 10 
  11000: system.l2: 17564160 11 
  11000: system.l2: 21926528 11 
  11000: system.l2: 22733312 12 
  11000: system.l2: 27095680 12 
  11000: system.l2: 27902464 13 
  11000: system.l2: 29586752 13 
  11000: system.l2: 29721088 14 
  11000: system.l2: 31405376 14 
  11000: system.l2: 31539712 15 
  11000: system.l2: 33224000 15 
  12000: system.l2: 33222400 15 
  12000: system.l2: 31403776 14 
  12000: system.l2: 29585152 13 
  12000: system.l2: 27093376 12 
  12000: system.l2: 21924224 11 
  12000: system.l2: 17502400 10 
  12000: system.l2: 16806080 9 
  12000: system.l2: 16109760 8 
  12000: system.l2: 15402752 7 
  12000: system.l2: 14747392 6 
  12000: system.l2: 14092032 5 
  12000: system.l2: 13436672 4 
  12000: system.l2: 12717824 3 
  12000: system.l2: 10226048 2 
  12000: system.l2: 5056896 1 
  12000: system.l2: 635072 0 
info: Increasing stack size by one page.
info: Increasing stack size by one page.
info: Increasing stack size by one page.
info: Increasing stack size by one page.
info: Increasing stack size by one page.
info: Increasing stack size by one page.
info: Increasing stack size by one page.
info: Increasing stack size by one page.
info: Increasing stack size by one page.
info: Increasing stack size by one page.
info: Increasing stack size by one page.
info: Increasing stack size by one page.
info: Increasing stack size by one page.
info: Increasing stack size by one page.
info: Increasing stack size by one page.
info: Increasing stack size by one page.
  15000: system.l2: 33488832 0 
  15000: system.l2: 33480640 1 
  15000: system.l2: 33472448 2 
  15000: system.l2: 33464256 3 
  15000: system.l2: 33456064 4 
  15000: system.l2: 33447872 5 
  15000: system.l2: 33439680 6 
  15000: system.l2: 33431488 7 
  15000: system.l2: 33423296 8 
  15000: system.l2: 33415104 9 
  15000: system.l2: 33406912 10 
  15000: system.l2: 33398720 11 
  15000: system.l2: 33390528 12 
  15000: system.l2: 33382336 13 
  15000: system.l2: 33374144 14 
  15000: system.l2: 33365952 15 
  19000: system.l2: 58752 0 
  19000: system.l2: 3755264 1 
  19000: system.l2: 8924416 2 
  19000: system.l2: 11866752 3 
  19000: system.l2: 12864064 4 
  19000: system.l2: 13519424 5 
  19000: system.l2: 14174784 6 
  19000: system.l2: 14830144 7 
  19000: system.l2: 15533440 8 
  19000: system.l2: 16229760 9 
  19000: system.l2: 16926080 10 
  19000: system.l2: 20622592 11 
  19000: system.l2: 25791744 12 
  19000: system.l2: 28734080 13 
  19000: system.l2: 30552704 14 
  19000: system.l2: 32371328 15 
  20000: system.l2: 33365248 15 
  20000: system.l2: 33373440 14 
  20000: system.l2: 33381632 13 
  20000: system.l2: 33389824 12 
  20000: system.l2: 33398016 11 
  20000: system.l2: 33406208 10 
  20000: system.l2: 33414400 9 
  20000: system.l2: 33422592 8 
  20000: system.l2: 33430784 7 
  20000: system.l2: 33438976 6 
  20000: system.l2: 33447168 5 
  20000: system.l2: 33455360 4 
  20000: system.l2: 33463552 3 
  20000: system.l2: 33471744 2 
  20000: system.l2: 33479936 1 
  20000: system.l2: 33488128 0 
  21000: system.l2: 3755328 1 
  21000: system.l2: 8924480 2 
  21000: system.l2: 12864128 4 
  21000: system.l2: 13519488 5 
  21000: system.l2: 14174848 6 
  21000: system.l2: 14830208 7 
  21000: system.l2: 20622656 11 
  21000: system.l2: 25791808 12 
  24000: system.l2: 33365312 15 
  24000: system.l2: 33373504 14 
  24000: system.l2: 33381696 13 
  24000: system.l2: 33389888 12 
  24000: system.l2: 33398080 11 
  24000: system.l2: 33406272 10 
  24000: system.l2: 33414464 9 
  24000: system.l2: 33422656 8 
  24000: system.l2: 33430848 7 
  24000: system.l2: 33439040 6 
  24000: system.l2: 33447232 5 
  24000: system.l2: 33455424 4 
  24000: system.l2: 33463616 3 
  24000: system.l2: 33471808 2 
  24000: system.l2: 33480000 1 
  24000: system.l2: 33488192 0 
  32000: system.l2: 32371392 15 
  32000: system.l2: 30552768 14 
  32000: system.l2: 28734144 13 
  32000: system.l2: 11866816 3 
  33000: system.l2: 58816 0 
  33000: system.l2: 15533504 8 
  33000: system.l2: 16229824 9 
  33000: system.l2: 16926144 10 
  35000: system.l2: 3755392 1 
  35000: system.l2: 8924544 2 
  35000: system.l2: 12864192 4 
  35000: system.l2: 13519552 5 
  35000: system.l2: 14174912 6 
  35000: system.l2: 14830272 7 
  35000: system.l2: 20622720 11 
  35000: system.l2: 25791872 12 
  36000: system.l2: 27098752 12 
  36000: system.l2: 21929600 11 
  36000: system.l2: 17503552 10 
  36000: system.l2: 16807232 9 
  36000: system.l2: 16110912 8 
  36000: system.l2: 15403776 7 
  36000: system.l2: 14748416 6 
  36000: system.l2: 14093056 5 
  36000: system.l2: 13437696 4 
  36000: system.l2: 10231424 2 
  36000: system.l2: 5062272 1 
  36000: system.l2: 636224 0 
  37000: system.l2: 12722368 3 
  37000: system.l2: 29589696 13 
  37000: system.l2: 31408320 14 
  37000: system.l2: 33226944 15 
  42000: system.l2: 17503872 10 
  42000: system.l2: 16807552 9 
  42000: system.l2: 16111232 8 
  42000: system.l2: 15404096 7 
  42000: system.l2: 14748736 6 
  42000: system.l2: 14093376 5 
  42000: system.l2: 13438016 4 
  42000: system.l2: 636544 0 
  43000: system.l2: 634816 0 
  43000: system.l2: 5067776 1 
  43000: system.l2: 10236928 2 
  43000: system.l2: 12723584 3 
  43000: system.l2: 13436416 4 
  43000: system.l2: 14091776 5 
  43000: system.l2: 14747136 6 
  43000: system.l2: 15402496 7 
  43000: system.l2: 16109504 8 
  43000: system.l2: 16805824 9 
  43000: system.l2: 17502144 10 
  43000: system.l2: 21935104 11 
  43000: system.l2: 27104256 12 
  43000: system.l2: 29590912 13 
  43000: system.l2: 31409536 14 
  43000: system.l2: 33228160 15 
  44000: system.l2: 33222592 15 
  44000: system.l2: 31403968 14 
  44000: system.l2: 29585344 13 
  44000: system.l2: 27093568 12 
  44000: system.l2: 21924416 11 
  44000: system.l2: 12718016 3 
  44000: system.l2: 10226240 2 
  44000: system.l2: 5057088 1 
  46000: system.l2: 32371456 15 
  46000: system.l2: 30552832 14 
  46000: system.l2: 28734208 13 
  46000: system.l2: 17491200 10 
  46000: system.l2: 16794880 9 
  46000: system.l2: 16098560 8 
  46000: system.l2: 15394816 7 
  46000: system.l2: 14739456 6 
  46000: system.l2: 14084096 5 
  46000: system.l2: 13428736 4 
  46000: system.l2: 11866880 3 
  46000: system.l2: 623872 0 
  47000: system.l2: 58880 0 
  47000: system.l2: 5043008 1 
  47000: system.l2: 10212160 2 
  47000: system.l2: 12710592 3 
  47000: system.l2: 15533568 8 
  47000: system.l2: 16229888 9 
  47000: system.l2: 16926208 10 
  47000: system.l2: 21910336 11 
  47000: system.l2: 27079488 12 
  47000: system.l2: 29577920 13 
  47000: system.l2: 31396544 14 
  47000: system.l2: 33215168 15 
  51000: system.l2: 12864256 4 
  51000: system.l2: 13519616 5 
  51000: system.l2: 14174976 6 
  51000: system.l2: 14830336 7 
  52000: system.l2: 25791936 12 
  52000: system.l2: 20622784 11 
  52000: system.l2: 8924608 2 
  52000: system.l2: 3755456 1 
  54000: system.l2: 17003968 10 
  54000: system.l2: 16307648 9 
  54000: system.l2: 15611328 8 
  54000: system.l2: 14908096 7 
  54000: system.l2: 14252736 6 
  54000: system.l2: 13597376 5 
  54000: system.l2: 12942016 4 
  54000: system.l2: 136640 0 
  55000: system.l2: 3915200 1 
  55000: system.l2: 9084352 2 
  55000: system.l2: 12257728 3 
  55000: system.l2: 20782528 11 
  55000: system.l2: 25951680 12 
  55000: system.l2: 29125056 13 
  55000: system.l2: 30943680 14 
  55000: system.l2: 32762304 15 
  59000: system.l2: 136704 0 
  59000: system.l2: 15611392 8 
  59000: system.l2: 16307712 9 
  59000: system.l2: 17004032 10 
  63000: system.l2: 635136 0 
  63000: system.l2: 12942080 4 
  63000: system.l2: 13436736 4 
  63000: system.l2: 13597440 5 
  63000: system.l2: 14092096 5 
  63000: system.l2: 14252800 6 
  63000: system.l2: 14747456 6 
  63000: system.l2: 14908160 7 
  63000: system.l2: 15402816 7 
  63000: system.l2: 16109824 8 
  63000: system.l2: 16806144 9 
  63000: system.l2: 17502464 10 
  64000: system.l2: 33222720 15 
  64000: system.l2: 31404096 14 
  64000: system.l2: 29585472 13 
  64000: system.l2: 27093696 12 
  64000: system.l2: 21924544 11 
  64000: system.l2: 17502528 10 
  64000: system.l2: 16806208 9 
  64000: system.l2: 16109888 8 
  64000: system.l2: 15402880 7 
  64000: system.l2: 14747520 6 
  64000: system.l2: 14092160 5 
  64000: system.l2: 13436800 4 
  64000: system.l2: 12718144 3 
  64000: system.l2: 10226368 2 
  64000: system.l2: 5057216 1 
  64000: system.l2: 635200 0 
  65000: system.l2: 5058816 1 
  65000: system.l2: 10227968 2 
  65000: system.l2: 12257792 3 
  65000: system.l2: 12719104 3 
  65000: system.l2: 21926144 11 
  65000: system.l2: 27095296 12 
  65000: system.l2: 29125120 13 
  65000: system.l2: 29586432 13 
  65000: system.l2: 30943744 14 
  65000: system.l2: 31405056 14 
  65000: system.l2: 32762368 15 
  65000: system.l2: 33223680 15 
  67000: system.l2: 635584 0 
  67000: system.l2: 13437120 4 
  67000: system.l2: 14092480 5 
  67000: system.l2: 14747840 6 
  67000: system.l2: 15403200 7 
  67000: system.l2: 16110272 8 
  67000: system.l2: 16806592 9 
  67000: system.l2: 17502912 10 
  68000: system.l2: 33224512 15 
  68000: system.l2: 31405888 14 
  68000: system.l2: 29587264 13 
  68000: system.l2: 27096640 12 
  68000: system.l2: 21927488 11 
  68000: system.l2: 12719936 3 
  68000: system.l2: 10229312 2 
  68000: system.l2: 5060160 1 
  69000: system.l2: 635776 0 
  69000: system.l2: 13437312 4 
  69000: system.l2: 14092672 5 
  69000: system.l2: 14748032 6 
  69000: system.l2: 15403392 7 
  69000: system.l2: 16110464 8 
  69000: system.l2: 16806784 9 
  69000: system.l2: 17503104 10 
  70000: system.l2: 33223808 15 
  70000: system.l2: 31405184 14 
  70000: system.l2: 29586560 13 
  70000: system.l2: 25951744 12 
  70000: system.l2: 27095488 12 
  70000: system.l2: 20782592 11 
  70000: system.l2: 21926336 11 
  70000: system.l2: 17502720 10 
  70000: system.l2: 16806400 9 
  70000: system.l2: 16110080 8 
  70000: system.l2: 15403008 7 
  70000: system.l2: 14747648 6 
  70000: system.l2: 14092288 5 
  70000: system.l2: 13436928 4 
  70000: system.l2: 12719232 3 
  70000: system.l2: 9084416 2 
  70000: system.l2: 10228160 2 
  70000: system.l2: 3915264 1 
  70000: system.l2: 5059008 1 
  70000: system.l2: 635392 0 
  71000: system.l2: 635520 0 
  71000: system.l2: 5056768 1 
  71000: system.l2: 10225920 2 
  71000: system.l2: 12717760 3 
  71000: system.l2: 13437056 4 
  71000: system.l2: 14092416 5 
  71000: system.l2: 14747776 6 
  71000: system.l2: 15403136 7 
  71000: system.l2: 16110208 8 
  71000: system.l2: 16806528 9 
  71000: system.l2: 17502848 10 
  71000: system.l2: 21924096 11 
  71000: system.l2: 27093248 12 
  71000: system.l2: 29585088 13 
  71000: system.l2: 31403712 14 
  71000: system.l2: 33222336 15 
  72000: system.l2: 33224640 15 
  72000: system.l2: 31406016 14 
  72000: system.l2: 29587392 13 
  72000: system.l2: 27096768 12 
  72000: system.l2: 21927616 11 
  72000: system.l2: 17503296 10 
  72000: system.l2: 16806976 9 
  72000: system.l2: 16110656 8 
  72000: system.l2: 15403584 7 
  72000: system.l2: 14748224 6 
  72000: system.l2: 14092864 5 
  72000: system.l2: 13437504 4 
  72000: system.l2: 12720064 3 
  72000: system.l2: 10229440 2 
  72000: system.l2: 5060288 1 
  72000: system.l2: 635968 0 
  75000: system.l2: 136768 0 
  75000: system.l2: 15611456 8 
  75000: system.l2: 16307776 9 
  75000: system.l2: 17004096 10 
  78000: system.l2: 17376064 10 
  78000: system.l2: 16679744 9 
  78000: system.l2: 15983424 8 
  78000: system.l2: 15275200 7 
  78000: system.l2: 14619840 6 
  78000: system.l2: 13964480 5 
  78000: system.l2: 13309120 4 
  78000: system.l2: 508736 0 
  79000: system.l2: 4674048 1 
  79000: system.l2: 9843200 2 
  79000: system.l2: 12465024 3 
  79000: system.l2: 21541376 11 
  79000: system.l2: 26710528 12 
  79000: system.l2: 29332352 13 
  79000: system.l2: 31150976 14 
  79000: system.l2: 32969600 15 
  80000: system.l2: 14908224 7 
  80000: system.l2: 14252864 6 
  80000: system.l2: 13597504 5 
  80000: system.l2: 12942144 4 
  82000: system.l2: 32762432 15 
  82000: system.l2: 30943808 14 
  82000: system.l2: 29125184 13 
  82000: system.l2: 27861056 12 
  82000: system.l2: 22691904 11 
  82000: system.l2: 17504896 10 
  82000: system.l2: 16808576 9 
  82000: system.l2: 16112256 8 
  82000: system.l2: 15405056 7 
  82000: system.l2: 14749696 6 
  82000: system.l2: 14094336 5 
  82000: system.l2: 13438976 4 
  82000: system.l2: 12257856 3 
  82000: system.l2: 10993728 2 
  82000: system.l2: 5824576 1 
  82000: system.l2: 637568 0 
  83000: system.l2: 5070144 1 
  83000: system.l2: 10239296 2 
  83000: system.l2: 12724160 3 
  83000: system.l2: 21937472 11 
  83000: system.l2: 27106624 12 
  83000: system.l2: 29591488 13 
  83000: system.l2: 31410112 14 
  83000: system.l2: 33228736 15 
  84000: system.l2: 17004288 10 
  84000: system.l2: 16307968 9 
  84000: system.l2: 15611648 8 
  84000: system.l2: 14908416 7 
  84000: system.l2: 14253056 6 
  84000: system.l2: 13597696 5 
  84000: system.l2: 12942336 4 
  84000: system.l2: 136960 0 
  85000: system.l2: 655424 0 
  85000: system.l2: 3915456 1 
  85000: system.l2: 9084608 2 
  85000: system.l2: 12258048 3 
  85000: system.l2: 16130112 8 
  85000: system.l2: 16826432 9 
  85000: system.l2: 17522752 10 
  85000: system.l2: 20782784 11 
  85000: system.l2: 25951936 12 
  85000: system.l2: 29125376 13 
  85000: system.l2: 30944000 14 
  85000: system.l2: 32762624 15 
  86000: system.l2: 33316928 15 
  86000: system.l2: 31498304 14 
  86000: system.l2: 29679680 13 
  86000: system.l2: 12812352 3 
  91000: system.l2: 508800 0 
  91000: system.l2: 15983488 8 
  91000: system.l2: 16679808 9 
  91000: system.l2: 17376128 10 
  92000: system.l2: 32969664 15 
  92000: system.l2: 31151040 14 
  92000: system.l2: 29332416 13 
  92000: system.l2: 12465088 3 
  94000: system.l2: 15433792 7 
  94000: system.l2: 14778432 6 
  94000: system.l2: 14123072 5 
  94000: system.l2: 13467712 4 
  95000: system.l2: 637440 0 
  95000: system.l2: 13438912 4 
  95000: system.l2: 14094272 5 
  95000: system.l2: 14749632 6 
  95000: system.l2: 15404992 7 
  95000: system.l2: 16112128 8 
  95000: system.l2: 16808448 9 
  95000: system.l2: 17504768 10 
  96000: system.l2: 33228800 15 
  96000: system.l2: 31410176 14 
  96000: system.l2: 29591552 13 
  96000: system.l2: 27106752 12 
  96000: system.l2: 21937600 11 
  96000: system.l2: 12724224 3 
  96000: system.l2: 10239424 2 
  96000: system.l2: 5070272 1 
  97000: system.l2: 3915328 1 
  97000: system.l2: 9084480 2 
  97000: system.l2: 20782656 11 
  97000: system.l2: 25951808 12 
 104000: system.l2: 15275136 7 
 104000: system.l2: 14619776 6 
 104000: system.l2: 13964416 5 
 104000: system.l2: 13309056 4 
 121000: system.l2: 637504 0 
 121000: system.l2: 16112192 8 
 121000: system.l2: 16808512 9 
 121000: system.l2: 17504832 10 
 122000: system.l2: 27106688 12 
 122000: system.l2: 21937536 11 
 122000: system.l2: 17004160 10 
 122000: system.l2: 16307840 9 
 122000: system.l2: 15611520 8 
 122000: system.l2: 10239360 2 
 122000: system.l2: 5070208 1 
 122000: system.l2: 136832 0 
 134000: system.l2: 17522816 10 
 134000: system.l2: 16826496 9 
 134000: system.l2: 16130176 8 
 134000: system.l2: 655488 0 
 135000: system.l2: 5824640 1 
 135000: system.l2: 10993792 2 
 135000: system.l2: 12812416 3 
 135000: system.l2: 22691968 11 
 135000: system.l2: 27861120 12 
 135000: system.l2: 29679744 13 
 135000: system.l2: 31498368 14 
 135000: system.l2: 33316992 15 
 143000: system.l2: 12942208 4 
 143000: system.l2: 13467776 4 
 143000: system.l2: 13597568 5 
 143000: system.l2: 14123136 5 
 143000: system.l2: 14252928 6 
 143000: system.l2: 14778496 6 
 143000: system.l2: 14908288 7 
 143000: system.l2: 15433856 7 
 144000: system.l2: 32762496 15 
 144000: system.l2: 30943872 14 
 144000: system.l2: 29125248 13 
 144000: system.l2: 12257920 3 
 147000: system.l2: 3915392 1 
 147000: system.l2: 9084544 2 
 147000: system.l2: 20782720 11 
 147000: system.l2: 25951872 12 
 172000: system.l2: 17004224 10 
 172000: system.l2: 16307904 9 
 172000: system.l2: 15611584 8 
 172000: system.l2: 136896 0 
 186000: system.l2: 27861184 12 
 186000: system.l2: 22692032 11 
 186000: system.l2: 14908352 7 
 186000: system.l2: 14252992 6 
 186000: system.l2: 13597632 5 
 186000: system.l2: 12942272 4 
 186000: system.l2: 10993856 2 
 186000: system.l2: 5824704 1 
 188000: system.l2: 32762560 15 
 188000: system.l2: 30943936 14 
 188000: system.l2: 29125312 13 
 188000: system.l2: 12257984 3 
 190000: system.l2: 17522880 10 
 190000: system.l2: 16826560 9 
 190000: system.l2: 16130240 8 
 190000: system.l2: 655552 0 
 191000: system.l2: 12812480 3 
 191000: system.l2: 29679808 13 
 191000: system.l2: 31498432 14 
 191000: system.l2: 33317056 15 
 193000: system.l2: 3915520 1 
 193000: system.l2: 9084672 2 
 193000: system.l2: 20782848 11 
 193000: system.l2: 25952000 12 
 198000: system.l2: 17004352 10 
 198000: system.l2: 16308032 9 
 198000: system.l2: 15611712 8 
 198000: system.l2: 137024 0 
 201000: system.l2: 12710656 3 
 201000: system.l2: 29577984 13 
 201000: system.l2: 31396608 14 
 201000: system.l2: 33215232 15 
 202000: system.l2: 14908480 7 
 202000: system.l2: 14253120 6 
 202000: system.l2: 13597760 5 
 202000: system.l2: 12942400 4 
 204000: system.l2: 32762688 15 
 204000: system.l2: 33228864 15 
 204000: system.l2: 30944064 14 
 204000: system.l2: 31410240 14 
 204000: system.l2: 29125440 13 
 204000: system.l2: 29591616 13 
 204000: system.l2: 27106816 12 
 204000: system.l2: 21937664 11 
 204000: system.l2: 12258112 3 
 204000: system.l2: 12724288 3 
 204000: system.l2: 10239488 2 
 204000: system.l2: 5070336 1 
 214000: system.l2: 16994048 10 
 214000: system.l2: 16297728 9 
 214000: system.l2: 15601408 8 
 214000: system.l2: 14898368 7 
 214000: system.l2: 14243008 6 
 214000: system.l2: 13587648 5 
 214000: system.l2: 12932288 4 
 214000: system.l2: 126720 0 
 215000: system.l2: 3898432 1 
 215000: system.l2: 9067584 2 
 215000: system.l2: 12226240 3 
 215000: system.l2: 20765760 11 
 215000: system.l2: 25934912 12 
 215000: system.l2: 29093568 13 
 215000: system.l2: 30912192 14 
 215000: system.l2: 32730816 15 
 216000: system.l2: 16994112 10 
 216000: system.l2: 16297792 9 
 216000: system.l2: 15601472 8 
 216000: system.l2: 126784 0 
 220000: system.l2: 32371520 15 
 220000: system.l2: 30552896 14 
 220000: system.l2: 28734272 13 
 220000: system.l2: 16926272 10 
 220000: system.l2: 16229952 9 
 220000: system.l2: 15533632 8 
 220000: system.l2: 11866944 3 
 220000: system.l2: 58944 0 
 222000: system.l2: 16926464 10 
 222000: system.l2: 16230144 9 
 222000: system.l2: 15533824 8 
 222000: system.l2: 14830592 7 
 222000: system.l2: 14175232 6 
 222000: system.l2: 13519872 5 
 222000: system.l2: 12864512 4 
 222000: system.l2: 59136 0 
 223000: system.l2: 3755712 1 
 223000: system.l2: 8924864 2 
 223000: system.l2: 11867136 3 
 223000: system.l2: 20623040 11 
 223000: system.l2: 25792192 12 
 223000: system.l2: 28734464 13 
 223000: system.l2: 30553088 14 
 223000: system.l2: 32371712 15 
 224000: system.l2: 33406656 10 
 224000: system.l2: 33414848 9 
 224000: system.l2: 33423040 8 
 224000: system.l2: 33431232 7 
 224000: system.l2: 33439424 6 
 224000: system.l2: 33447616 5 
 224000: system.l2: 33455808 4 
 224000: system.l2: 33488576 0 
 225000: system.l2: 33480384 1 
 225000: system.l2: 33472192 2 
 225000: system.l2: 33464000 3 
 225000: system.l2: 33398464 11 
 225000: system.l2: 33390272 12 
 225000: system.l2: 33382080 13 
 225000: system.l2: 33373888 14 
 225000: system.l2: 33365696 15 
 228000: system.l2: 32371776 15 
 228000: system.l2: 30553152 14 
 228000: system.l2: 28734528 13 
 228000: system.l2: 16926528 10 
 228000: system.l2: 16230208 9 
 228000: system.l2: 15533888 8 
 228000: system.l2: 11867200 3 
 228000: system.l2: 59200 0 
 230000: system.l2: 16926336 10 
 230000: system.l2: 16230016 9 
 230000: system.l2: 15533696 8 
 230000: system.l2: 14830464 7 
 230000: system.l2: 14175104 6 
 230000: system.l2: 13519744 5 
 230000: system.l2: 12864384 4 
 230000: system.l2: 59008 0 
 231000: system.l2: 59072 0 
 231000: system.l2: 3755584 1 
 231000: system.l2: 8924736 2 
 231000: system.l2: 11867072 3 
 231000: system.l2: 15533760 8 
 231000: system.l2: 16230080 9 
 231000: system.l2: 16926400 10 
 231000: system.l2: 20622912 11 
 231000: system.l2: 25792064 12 
 231000: system.l2: 28734400 13 
 231000: system.l2: 30553024 14 
 231000: system.l2: 32371648 15 
 235000: system.l2: 12864448 4 
 235000: system.l2: 13519808 5 
 235000: system.l2: 14175168 6 
 235000: system.l2: 14830528 7 
 236000: system.l2: 25792128 12 
 236000: system.l2: 20622976 11 
 236000: system.l2: 8924800 2 
 236000: system.l2: 3755648 1 
 301000: system.l2: 12864576 4 
 301000: system.l2: 13519936 5 
 301000: system.l2: 14175296 6 
 301000: system.l2: 14830656 7 
 302000: system.l2: 25792256 12 
 302000: system.l2: 20623104 11 
 302000: system.l2: 8924928 2 
 302000: system.l2: 3755776 1 
 303000: system.l2: 13437440 4 
 303000: system.l2: 14092800 5 
 303000: system.l2: 14748160 6 
 303000: system.l2: 15403520 7 
 304000: system.l2: 33224704 15 
 304000: system.l2: 31406080 14 
 304000: system.l2: 29587456 13 
 304000: system.l2: 27096960 12 
 304000: system.l2: 21927808 11 
 304000: system.l2: 12720128 3 
 304000: system.l2: 10229632 2 
 304000: system.l2: 5060480 1 
 306000: system.l2: 16926592 10 
 306000: system.l2: 16230272 9 
 306000: system.l2: 15533952 8 
 306000: system.l2: 59264 0 
 307000: system.l2: 11867264 3 
 307000: system.l2: 28734592 13 
 307000: system.l2: 30553216 14 
 307000: system.l2: 32371840 15 
 309000: system.l2: 12864640 4 
 309000: system.l2: 13520000 5 
 309000: system.l2: 14175360 6 
 309000: system.l2: 14830720 7 
 310000: system.l2: 25792320 12 
 310000: system.l2: 20623168 11 
 310000: system.l2: 8924992 2 
 310000: system.l2: 3755840 1 
 313000: system.l2: 59328 0 
 313000: system.l2: 11867328 3 
 313000: system.l2: 15534016 8 
 313000: system.l2: 16230336 9 
 313000: system.l2: 16926656 10 
 313000: system.l2: 28734656 13 
 313000: system.l2: 30553280 14 
 313000: system.l2: 32371904 15 
 314000: system.l2: 16928128 10 
 314000: system.l2: 16231808 9 
 314000: system.l2: 15535488 8 
 314000: system.l2: 14832256 7 
 314000: system.l2: 14176896 6 
 314000: system.l2: 13521536 5 
 314000: system.l2: 12866176 4 
 314000: system.l2: 60800 0 
 315000: system.l2: 3757376 1 
 315000: system.l2: 8926528 2 
 315000: system.l2: 11868800 3 
 315000: system.l2: 20624704 11 
 315000: system.l2: 25793856 12 
 315000: system.l2: 28736128 13 
 315000: system.l2: 30554752 14 
 315000: system.l2: 32373376 15 
 319000: system.l2: 60160 0 
 319000: system.l2: 12865536 4 
 319000: system.l2: 13520896 5 
 319000: system.l2: 14176256 6 
 319000: system.l2: 14831616 7 
 319000: system.l2: 15534848 8 
 319000: system.l2: 16231168 9 
 319000: system.l2: 16927488 10 
 320000: system.l2: 32372736 15 
 320000: system.l2: 30554112 14 
 320000: system.l2: 28735488 13 
 320000: system.l2: 25793216 12 
 320000: system.l2: 20624064 11 
 320000: system.l2: 33406144 10 
 320000: system.l2: 33414336 9 
 320000: system.l2: 33422528 8 
 320000: system.l2: 33430720 7 
 320000: system.l2: 33438912 6 
 320000: system.l2: 33447104 5 
 320000: system.l2: 33455296 4 
 320000: system.l2: 11868160 3 
 320000: system.l2: 8925888 2 
 320000: system.l2: 3756736 1 
 320000: system.l2: 33488064 0 
 321000: system.l2: 33479872 1 
 321000: system.l2: 33471680 2 
 321000: system.l2: 33463488 3 
 321000: system.l2: 33397952 11 
 321000: system.l2: 33389760 12 
 321000: system.l2: 33381568 13 
 321000: system.l2: 33373376 14 
 321000: system.l2: 33365184 15 
 324000: system.l2: 32372800 15 
 324000: system.l2: 30554176 14 
 324000: system.l2: 28735552 13 
 324000: system.l2: 16927552 10 
 324000: system.l2: 16231232 9 
 324000: system.l2: 15534912 8 
 324000: system.l2: 11868224 3 
 324000: system.l2: 60224 0 
 328000: system.l2: 14831680 7 
 328000: system.l2: 14176320 6 
 328000: system.l2: 13520960 5 
 328000: system.l2: 12865600 4 
 329000: system.l2: 3756800 1 
 329000: system.l2: 8925952 2 
 329000: system.l2: 20624128 11 
 329000: system.l2: 25793280 12 
 339000: system.l2: 64 0 
 339000: system.l2: 12853312 4 
 339000: system.l2: 13508672 5 
 339000: system.l2: 14164032 6 
 339000: system.l2: 14819392 7 
 339000: system.l2: 15474752 8 
 339000: system.l2: 16171072 9 
 339000: system.l2: 16867392 10 
 340000: system.l2: 31539264 15 
 340000: system.l2: 29720640 14 
 340000: system.l2: 27902016 13 
 340000: system.l2: 22732864 12 
 340000: system.l2: 17563712 11 
 340000: system.l2: 11034688 3 
 340000: system.l2: 5865536 2 
 340000: system.l2: 696384 1 
 341000: system.l2: 60288 0 
 341000: system.l2: 11868288 3 
 341000: system.l2: 15534976 8 
 341000: system.l2: 16231296 9 
 341000: system.l2: 16927616 10 
 341000: system.l2: 28735616 13 
 341000: system.l2: 30554240 14 
 341000: system.l2: 32372864 15 
 342000: system.l2: 16927680 10 
 342000: system.l2: 16231360 9 
 342000: system.l2: 15535040 8 
 342000: system.l2: 14831744 7 
 342000: system.l2: 14176384 6 
 342000: system.l2: 13521024 5 
 342000: system.l2: 12865664 4 
 342000: system.l2: 60352 0 
 343000: system.l2: 3756864 1 
 343000: system.l2: 8926016 2 
 343000: system.l2: 11868352 3 
 343000: system.l2: 20624192 11 
 343000: system.l2: 25793344 12 
 343000: system.l2: 28735680 13 
 343000: system.l2: 30554304 14 
 343000: system.l2: 32372928 15 
 351000: system.l2: 128 0 
 351000: system.l2: 12853376 4 
 351000: system.l2: 13508736 5 
 351000: system.l2: 14164096 6 
 351000: system.l2: 14819456 7 
 351000: system.l2: 15474816 8 
 351000: system.l2: 16171136 9 
 351000: system.l2: 16867456 10 
 352000: system.l2: 31539328 15 
 352000: system.l2: 29720704 14 
 352000: system.l2: 27902080 13 
 352000: system.l2: 22732928 12 
 352000: system.l2: 17563776 11 
 352000: system.l2: 11034752 3 
 352000: system.l2: 5865600 2 
 352000: system.l2: 696448 1 
 357000: system.l2: 192 0 
 357000: system.l2: 12853440 4 
 357000: system.l2: 13508800 5 
 357000: system.l2: 14164160 6 
 357000: system.l2: 14819520 7 
 357000: system.l2: 15474880 8 
 357000: system.l2: 16171200 9 
 357000: system.l2: 16867520 10 
 358000: system.l2: 31539392 15 
 358000: system.l2: 29720768 14 
 358000: system.l2: 27902144 13 
 358000: system.l2: 22732992 12 
 358000: system.l2: 17563840 11 
 358000: system.l2: 11034816 3 
 358000: system.l2: 5865664 2 
 358000: system.l2: 696512 1 
 360000: system.l2: 16867584 10 
 360000: system.l2: 16171264 9 
 360000: system.l2: 15474944 8 
 360000: system.l2: 14819584 7 
 360000: system.l2: 14164224 6 
 360000: system.l2: 13508864 5 
 360000: system.l2: 12853504 4 
 360000: system.l2: 256 0 
 361000: system.l2: 696576 1 
 361000: system.l2: 5865728 2 
 361000: system.l2: 11034880 3 
 361000: system.l2: 17563904 11 
 361000: system.l2: 22733056 12 
 361000: system.l2: 27902208 13 
 361000: system.l2: 29720832 14 
 361000: system.l2: 31539456 15 
 370000: system.l2: 14831808 7 
 370000: system.l2: 14176448 6 
 370000: system.l2: 13521088 5 
 370000: system.l2: 12865728 4 
 371000: system.l2: 3756928 1 
 371000: system.l2: 8926080 2 
 371000: system.l2: 20624256 11 
 371000: system.l2: 25793408 12 
 374000: system.l2: 17000384 10 
 374000: system.l2: 16304064 9 
 374000: system.l2: 15607744 8 
 374000: system.l2: 14904512 7 
 374000: system.l2: 14249152 6 
 374000: system.l2: 13593792 5 
 374000: system.l2: 12938432 4 
 374000: system.l2: 133056 0 
 375000: system.l2: 33488000 0 
 375000: system.l2: 3908864 1 
 375000: system.l2: 9078016 2 
 375000: system.l2: 33455232 4 
 375000: system.l2: 33447040 5 
 375000: system.l2: 33438848 6 
 375000: system.l2: 33430656 7 
 375000: system.l2: 33422464 8 
 375000: system.l2: 33414272 9 
 375000: system.l2: 33406080 10 
 375000: system.l2: 20776192 11 
 375000: system.l2: 25945344 12 
 376000: system.l2: 32744768 15 
 376000: system.l2: 30926144 14 
 376000: system.l2: 29107520 13 
 376000: system.l2: 33389696 12 
 376000: system.l2: 33397888 11 
 376000: system.l2: 12240192 3 
 376000: system.l2: 33471616 2 
 376000: system.l2: 33479808 1 
 377000: system.l2: 33463424 3 
 377000: system.l2: 33381504 13 
 377000: system.l2: 33373312 14 
 377000: system.l2: 33365120 15 
 378000: system.l2: 17000448 10 
 378000: system.l2: 16304128 9 
 378000: system.l2: 15607808 8 
 378000: system.l2: 133120 0 
 379000: system.l2: 3908928 1 
 379000: system.l2: 9078080 2 
 379000: system.l2: 20776256 11 
 379000: system.l2: 25945408 12 
 382000: system.l2: 14904576 7 
 382000: system.l2: 14249216 6 
 382000: system.l2: 13593856 5 
 382000: system.l2: 12938496 4 
 384000: system.l2: 32744832 15 
 384000: system.l2: 30926208 14 
 384000: system.l2: 29107584 13 
 384000: system.l2: 12240256 3 
 394000: system.l2: 17000512 10 
 394000: system.l2: 16304192 9 
 394000: system.l2: 15607872 8 
 394000: system.l2: 133184 0 
 395000: system.l2: 3908992 1 
 395000: system.l2: 9078144 2 
 395000: system.l2: 20776320 11 
 395000: system.l2: 25945472 12 
 398000: system.l2: 14904640 7 
 398000: system.l2: 14249280 6 
 398000: system.l2: 13593920 5 
 398000: system.l2: 12938560 4 
 400000: system.l2: 32744896 15 
 400000: system.l2: 30926272 14 
 400000: system.l2: 29107648 13 
 400000: system.l2: 12240320 3 
 402000: system.l2: 17503360 10 
 402000: system.l2: 16807040 9 
 402000: system.l2: 16110720 8 
 402000: system.l2: 15403648 7 
 402000: system.l2: 14748288 6 
 402000: system.l2: 14092928 5 
 402000: system.l2: 13437568 4 
 402000: system.l2: 636032 0 
 403000: system.l2: 5062080 1 
 403000: system.l2: 10231232 2 
 403000: system.l2: 21929408 11 
 403000: system.l2: 27098560 12 
 404000: system.l2: 33226688 15 
 404000: system.l2: 31408064 14 
 404000: system.l2: 29589440 13 
 404000: system.l2: 12722112 3 
 407000: system.l2: 60416 0 
 407000: system.l2: 15535104 8 
 407000: system.l2: 16231424 9 
 407000: system.l2: 16927744 10 
 408000: system.l2: 32372992 15 
 408000: system.l2: 30554368 14 
 408000: system.l2: 28735744 13 
 408000: system.l2: 11868416 3 
 409000: system.l2: 128832 0 
 409000: system.l2: 12934336 4 
 409000: system.l2: 13589696 5 
 409000: system.l2: 14245056 6 
 409000: system.l2: 14900416 7 
 409000: system.l2: 15603520 8 
 409000: system.l2: 16299840 9 
 409000: system.l2: 16996160 10 
 411000: system.l2: 3902656 1 
 411000: system.l2: 9071808 2 
 411000: system.l2: 12230464 3 
 411000: system.l2: 20769984 11 
 411000: system.l2: 25939136 12 
 411000: system.l2: 29097792 13 
 411000: system.l2: 30916416 14 
 411000: system.l2: 32735040 15 
 413000: system.l2: 3902720 1 
 413000: system.l2: 9071872 2 
 413000: system.l2: 12230528 3 
 413000: system.l2: 20770048 11 
 413000: system.l2: 25939200 12 
 413000: system.l2: 29097856 13 
 413000: system.l2: 30916480 14 
 413000: system.l2: 32735104 15 
 414000: system.l2: 15403328 7 
 414000: system.l2: 14747968 6 
 414000: system.l2: 14092608 5 
 414000: system.l2: 13437248 4 
 415000: system.l2: 637696 0 
 415000: system.l2: 13439104 4 
 415000: system.l2: 14094464 5 
 415000: system.l2: 14749824 6 
 415000: system.l2: 15405184 7 
 415000: system.l2: 16112384 8 
 415000: system.l2: 16808704 9 
 415000: system.l2: 17505024 10 
 416000: system.l2: 33223552 15 
 416000: system.l2: 31404928 14 
 416000: system.l2: 29586304 13 
 416000: system.l2: 27094976 12 
 416000: system.l2: 21925824 11 
 416000: system.l2: 12718976 3 
 416000: system.l2: 10227648 2 
 416000: system.l2: 5058496 1 
 417000: system.l2: 128896 0 
 417000: system.l2: 5070464 1 
 417000: system.l2: 10239616 2 
 417000: system.l2: 12724416 3 
 417000: system.l2: 15603584 8 
 417000: system.l2: 16299904 9 
 417000: system.l2: 16996224 10 
 417000: system.l2: 21937792 11 
 417000: system.l2: 27106944 12 
 417000: system.l2: 29591744 13 
 417000: system.l2: 31410368 14 
 417000: system.l2: 33228992 15 
 421000: system.l2: 327680 0 
 421000: system.l2: 13134144 4 
 421000: system.l2: 13789504 5 
 421000: system.l2: 14444864 6 
 421000: system.l2: 15100224 7 
 421000: system.l2: 15802368 8 
 421000: system.l2: 16498688 9 
 421000: system.l2: 17195008 10 
 423000: system.l2: 4025152 1 
 423000: system.l2: 9194304 2 
 423000: system.l2: 12333632 3 
 423000: system.l2: 20892480 11 
 423000: system.l2: 26061632 12 
 423000: system.l2: 29200960 13 
 423000: system.l2: 31019584 14 
 423000: system.l2: 32838208 15 
 427000: system.l2: 327744 0 
 427000: system.l2: 15802432 8 
 427000: system.l2: 16498752 9 
 427000: system.l2: 17195072 10 
 433000: system.l2: 4025216 1 
 433000: system.l2: 9194368 2 
 433000: system.l2: 12333696 3 
 433000: system.l2: 20892544 11 
 433000: system.l2: 26061696 12 
 433000: system.l2: 29201024 13 
 433000: system.l2: 31019648 14 
 433000: system.l2: 32838272 15 
 435000: system.l2: 13134208 4 
 435000: system.l2: 13789568 5 
 435000: system.l2: 14444928 6 
 435000: system.l2: 15100288 7 
 436000: system.l2: 14900480 7 
 436000: system.l2: 14245120 6 
 436000: system.l2: 13589760 5 
 436000: system.l2: 12934400 4 
 442000: system.l2: 32735168 15 
 442000: system.l2: 30916544 14 
 442000: system.l2: 29097920 13 
 442000: system.l2: 25939264 12 
 442000: system.l2: 20770112 11 
 442000: system.l2: 12230592 3 
 442000: system.l2: 9071936 2 
 442000: system.l2: 3902784 1 
 460000: system.l2: 16996288 10 
 460000: system.l2: 16299968 9 
 460000: system.l2: 15603648 8 
 460000: system.l2: 128960 0 
 463000: system.l2: 12934464 4 
 463000: system.l2: 13589824 5 
 463000: system.l2: 14245184 6 
 463000: system.l2: 14900544 7 
 469000: system.l2: 3902848 1 
 469000: system.l2: 9072000 2 
 469000: system.l2: 20770176 11 
 469000: system.l2: 25939328 12 
 470000: system.l2: 32735232 15 
 470000: system.l2: 30916608 14 
 470000: system.l2: 29097984 13 
 470000: system.l2: 12230656 3 
 471000: system.l2: 12865792 4 
 471000: system.l2: 13521152 5 
 471000: system.l2: 14176512 6 
 471000: system.l2: 14831872 7 
 473000: system.l2: 3756992 1 
 473000: system.l2: 8926144 2 
 473000: system.l2: 20624320 11 
 473000: system.l2: 25793472 12 
 477000: system.l2: 637760 0 
 477000: system.l2: 16112448 8 
 477000: system.l2: 16808768 9 
 477000: system.l2: 17505088 10 
 478000: system.l2: 15416512 7 
 478000: system.l2: 14761152 6 
 478000: system.l2: 14105792 5 
 478000: system.l2: 13450432 4 
 480000: system.l2: 27664704 12 
 480000: system.l2: 22495552 11 
 480000: system.l2: 10797376 2 
 480000: system.l2: 5628224 1 
 481000: system.l2: 12799680 3 
 481000: system.l2: 29667008 13 
 481000: system.l2: 31485632 14 
 481000: system.l2: 33304256 15 
 483000: system.l2: 60480 0 
 483000: system.l2: 5628288 1 
 483000: system.l2: 10797440 2 
 483000: system.l2: 15535168 8 
 483000: system.l2: 16231488 9 
 483000: system.l2: 16927808 10 
 483000: system.l2: 22495616 11 
 483000: system.l2: 27664768 12 
 484000: system.l2: 33304320 15 
 484000: system.l2: 31485696 14 
 484000: system.l2: 29667072 13 
 484000: system.l2: 17508224 10 
 484000: system.l2: 16811904 9 
 484000: system.l2: 16115584 8 
 484000: system.l2: 12799744 3 
 484000: system.l2: 640896 0 
 485000: system.l2: 13453568 4 
 485000: system.l2: 14108928 5 
 485000: system.l2: 14764288 6 
 485000: system.l2: 15419648 7 
 486000: system.l2: 32373056 15 
 486000: system.l2: 30554432 14 
 486000: system.l2: 28735808 13 
 486000: system.l2: 27667904 12 
 486000: system.l2: 22498752 11 
 486000: system.l2: 11868480 3 
 486000: system.l2: 10800576 2 
 486000: system.l2: 5631424 1 
 487000: system.l2: 12802816 3 
 487000: system.l2: 29670144 13 
 487000: system.l2: 31488768 14 
 487000: system.l2: 33307392 15 
 489000: system.l2: 12865856 4 
 489000: system.l2: 13521216 5 
 489000: system.l2: 14176576 6 
 489000: system.l2: 14831936 7 
 490000: system.l2: 25793536 12 
 490000: system.l2: 20624384 11 
 490000: system.l2: 8926208 2 
 490000: system.l2: 3757056 1 
 492000: system.l2: 16990144 10 
 492000: system.l2: 16293824 9 
 492000: system.l2: 15597504 8 
 492000: system.l2: 14894272 7 
 492000: system.l2: 14238912 6 
 492000: system.l2: 13583552 5 
 492000: system.l2: 12928192 4 
 492000: system.l2: 122816 0 
 494000: system.l2: 25915456 12 
 494000: system.l2: 20746304 11 
 494000: system.l2: 9048128 2 
 494000: system.l2: 3878976 1 
 495000: system.l2: 12152768 3 
 495000: system.l2: 29020096 13 
 495000: system.l2: 30838720 14 
 495000: system.l2: 32657344 15 
 499000: system.l2: 122880 0 
 499000: system.l2: 12928256 4 
 499000: system.l2: 13583616 5 
 499000: system.l2: 14238976 6 
 499000: system.l2: 14894336 7 
 499000: system.l2: 15597568 8 
 499000: system.l2: 16293888 9 
 499000: system.l2: 16990208 10 
 501000: system.l2: 123072 0 
 501000: system.l2: 3879040 1 
 501000: system.l2: 9048192 2 
 501000: system.l2: 12928448 4 
 501000: system.l2: 13583808 5 
 501000: system.l2: 14239168 6 
 501000: system.l2: 14894528 7 
 501000: system.l2: 15597760 8 
 501000: system.l2: 16294080 9 
 501000: system.l2: 16990400 10 
 501000: system.l2: 20746368 11 
 501000: system.l2: 25915520 12 
 502000: system.l2: 32657408 15 
 502000: system.l2: 30838784 14 
 502000: system.l2: 29020160 13 
 502000: system.l2: 12152832 3 
 503000: system.l2: 3879232 1 
 503000: system.l2: 9048384 2 
 503000: system.l2: 20746560 11 
 503000: system.l2: 25915712 12 
 504000: system.l2: 32657600 15 
 504000: system.l2: 30838976 14 
 504000: system.l2: 29020352 13 
 504000: system.l2: 12153024 3 
 505000: system.l2: 123136 0 
 505000: system.l2: 622592 0 
 505000: system.l2: 12928512 4 
 505000: system.l2: 13427264 4 
 505000: system.l2: 13583872 5 
 505000: system.l2: 14082624 5 
 505000: system.l2: 14239232 6 
 505000: system.l2: 14737984 6 
 505000: system.l2: 14894592 7 
 505000: system.l2: 15393344 7 
 505000: system.l2: 15597824 8 
 505000: system.l2: 16097280 8 
 505000: system.l2: 16294144 9 
 505000: system.l2: 16793600 9 
 505000: system.l2: 16990464 10 
 505000: system.l2: 17489920 10 
 508000: system.l2: 26959872 12 
 508000: system.l2: 21790720 11 
 508000: system.l2: 10092544 2 
 508000: system.l2: 4923392 1 
 509000: system.l2: 12681600 3 
 509000: system.l2: 29548928 13 
 509000: system.l2: 31367552 14 
 509000: system.l2: 33186176 15 
 510000: system.l2: 33490624 10 
 510000: system.l2: 33498816 9 
 510000: system.l2: 33507008 8 
 510000: system.l2: 33515200 7 
 510000: system.l2: 33523392 6 
 510000: system.l2: 33531584 5 
 510000: system.l2: 33539776 4 
 510000: system.l2: 33547968 0 
 512000: system.l2: 25915776 12 
 512000: system.l2: 20746624 11 
 512000: system.l2: 9048448 2 
 512000: system.l2: 3879296 1 
 513000: system.l2: 33613504 1 
 513000: system.l2: 33605312 2 
 513000: system.l2: 12153088 3 
 513000: system.l2: 33588928 11 
 513000: system.l2: 33580736 12 
 513000: system.l2: 29020416 13 
 513000: system.l2: 30839040 14 
 513000: system.l2: 32657664 15 
 514000: system.l2: 33556160 15 
 514000: system.l2: 33564352 14 
 514000: system.l2: 33572544 13 
 514000: system.l2: 33597120 3 
 517000: system.l2: 12681664 3 
 517000: system.l2: 29548992 13 
 517000: system.l2: 31367616 14 
 517000: system.l2: 33186240 15 
 537000: system.l2: 123392 0 
 537000: system.l2: 12928768 4 
 537000: system.l2: 13584128 5 
 537000: system.l2: 14239488 6 
 537000: system.l2: 14894848 7 
 537000: system.l2: 15598080 8 
 537000: system.l2: 16294400 9 
 537000: system.l2: 16990720 10 
 540000: system.l2: 25915968 12 
 540000: system.l2: 20746816 11 
 540000: system.l2: 9048640 2 
 540000: system.l2: 3879488 1 
 541000: system.l2: 33547904 0 
 541000: system.l2: 12153280 3 
 541000: system.l2: 33539712 4 
 541000: system.l2: 33531520 5 
 541000: system.l2: 33523328 6 
 541000: system.l2: 33515136 7 
 541000: system.l2: 33506944 8 
 541000: system.l2: 33498752 9 
 541000: system.l2: 33490560 10 
 541000: system.l2: 29020608 13 
 541000: system.l2: 30839232 14 
 541000: system.l2: 32657856 15 
 544000: system.l2: 33580672 12 
 544000: system.l2: 33588864 11 
 544000: system.l2: 33605248 2 
 544000: system.l2: 33613440 1 
 545000: system.l2: 33597056 3 
 545000: system.l2: 33572480 13 
 545000: system.l2: 33564288 14 
 545000: system.l2: 33556096 15 
 547000: system.l2: 60544 0 
 547000: system.l2: 640832 0 
 547000: system.l2: 5631360 1 
 547000: system.l2: 10800512 2 
 547000: system.l2: 13453504 4 
 547000: system.l2: 14108864 5 
 547000: system.l2: 14764224 6 
 547000: system.l2: 15419584 7 
 547000: system.l2: 15535232 8 
 547000: system.l2: 16115520 8 
 547000: system.l2: 16231552 9 
 547000: system.l2: 16811840 9 
 547000: system.l2: 16927872 10 
 547000: system.l2: 17508160 10 
 547000: system.l2: 22498688 11 
 547000: system.l2: 27667840 12 
 550000: system.l2: 32373120 15 
 550000: system.l2: 30554496 14 
 550000: system.l2: 28735872 13 
 550000: system.l2: 17507968 10 
 550000: system.l2: 16811648 9 
 550000: system.l2: 16115328 8 
 550000: system.l2: 15419392 7 
 550000: system.l2: 14764032 6 
 550000: system.l2: 14108672 5 
 550000: system.l2: 13453312 4 
 550000: system.l2: 11868544 3 
 550000: system.l2: 640640 0 
 551000: system.l2: 12865920 4 
 551000: system.l2: 13521280 5 
 551000: system.l2: 14176640 6 
 551000: system.l2: 14832000 7 
 553000: system.l2: 5631104 1 
 553000: system.l2: 10800256 2 
 553000: system.l2: 22498432 11 
 553000: system.l2: 27667584 12 
 554000: system.l2: 33307136 15 
 554000: system.l2: 31488512 14 
 554000: system.l2: 29669888 13 
 554000: system.l2: 25793600 12 
 554000: system.l2: 20624448 11 
 554000: system.l2: 12802560 3 
 554000: system.l2: 8926272 2 
 554000: system.l2: 3757120 1 
 560000: system.l2: 17506112 10 
 560000: system.l2: 16809792 9 
 560000: system.l2: 16113472 8 
 560000: system.l2: 15417536 7 
 560000: system.l2: 14762176 6 
 560000: system.l2: 14106816 5 
 560000: system.l2: 13451456 4 
 560000: system.l2: 638784 0 
 562000: system.l2: 17504640 10 
 562000: system.l2: 16808320 9 
 562000: system.l2: 16112000 8 
 562000: system.l2: 15404864 7 
 562000: system.l2: 14749504 6 
 562000: system.l2: 14094144 5 
 562000: system.l2: 13438784 4 
 562000: system.l2: 637312 0 
 563000: system.l2: 60608 0 
 563000: system.l2: 5629248 1 
 563000: system.l2: 10798400 2 
 563000: system.l2: 15535296 8 
 563000: system.l2: 16231616 9 
 563000: system.l2: 16927936 10 
 563000: system.l2: 22496576 11 
 563000: system.l2: 27665728 12 
 564000: system.l2: 33305280 15 
 564000: system.l2: 31486656 14 
 564000: system.l2: 29668032 13 
 564000: system.l2: 27093952 12 
 564000: system.l2: 21924800 11 
 564000: system.l2: 17502656 10 
 564000: system.l2: 16806336 9 
 564000: system.l2: 16110016 8 
 564000: system.l2: 15402944 7 
 564000: system.l2: 14747584 6 
 564000: system.l2: 14092224 5 
 564000: system.l2: 13436864 4 
 564000: system.l2: 12800704 3 
 564000: system.l2: 10226624 2 
 564000: system.l2: 5057472 1 
 564000: system.l2: 635328 0 
 565000: system.l2: 5070080 1 
 565000: system.l2: 10239232 2 
 565000: system.l2: 12718272 3 
 565000: system.l2: 21937408 11 
 565000: system.l2: 27106560 12 
 565000: system.l2: 29585600 13 
 565000: system.l2: 31404224 14 
 565000: system.l2: 33222848 15 
 566000: system.l2: 32373184 15 
 566000: system.l2: 33228608 15 
 566000: system.l2: 30554560 14 
 566000: system.l2: 31409984 14 
 566000: system.l2: 28735936 13 
 566000: system.l2: 29591360 13 
 566000: system.l2: 11868608 3 
 566000: system.l2: 12724032 3 
 567000: system.l2: 5060608 1 
 567000: system.l2: 10229760 2 
 567000: system.l2: 12865984 4 
 567000: system.l2: 13521344 5 
 567000: system.l2: 14176704 6 
 567000: system.l2: 14832064 7 
 567000: system.l2: 21927936 11 
 567000: system.l2: 27097088 12 
 568000: system.l2: 33224832 15 
 568000: system.l2: 31406208 14 
 568000: system.l2: 29587584 13 
 568000: system.l2: 12720256 3 
 569000: system.l2: 5629312 1 
 569000: system.l2: 10798464 2 
 569000: system.l2: 12724096 3 
 569000: system.l2: 22496640 11 
 569000: system.l2: 27665792 12 
 569000: system.l2: 29591424 13 
 569000: system.l2: 31410048 14 
 569000: system.l2: 33228672 15 
 570000: system.l2: 33305344 15 
 570000: system.l2: 31486720 14 
 570000: system.l2: 29668096 13 
 570000: system.l2: 25793664 12 
 570000: system.l2: 20624512 11 
 570000: system.l2: 12800768 3 
 570000: system.l2: 8926336 2 
 570000: system.l2: 3757184 1 
 602000: system.l2: 16928000 10 
 602000: system.l2: 16231680 9 
 602000: system.l2: 15535360 8 
 602000: system.l2: 60672 0 
 605000: system.l2: 11868672 3 
 605000: system.l2: 28736000 13 
 605000: system.l2: 30554624 14 
 605000: system.l2: 32373248 15 
 606000: system.l2: 14832128 7 
 606000: system.l2: 14176768 6 
 606000: system.l2: 13521408 5 
 606000: system.l2: 12866048 4 
 607000: system.l2: 634944 0 
 607000: system.l2: 13436480 4 
 607000: system.l2: 14091840 5 
 607000: system.l2: 14747200 6 
 607000: system.l2: 15402560 7 
 607000: system.l2: 16109632 8 
 607000: system.l2: 16805952 9 
 607000: system.l2: 17502272 10 
 608000: system.l2: 15404800 7 
 608000: system.l2: 14749440 6 
 608000: system.l2: 14094080 5 
 608000: system.l2: 13438720 4 
 609000: system.l2: 3757248 1 
 609000: system.l2: 8926400 2 
 609000: system.l2: 20624576 11 
 609000: system.l2: 25793728 12 
 610000: system.l2: 27095936 12 
 610000: system.l2: 21926784 11 
 610000: system.l2: 10228608 2 
 610000: system.l2: 5059456 1 
 611000: system.l2: 12719552 3 
 611000: system.l2: 29586880 13 
 611000: system.l2: 31405504 14 
 611000: system.l2: 33224128 15 
 615000: system.l2: 5058304 1 
 615000: system.l2: 10227456 2 
 615000: system.l2: 21925632 11 
 615000: system.l2: 27094784 12 
 616000: system.l2: 33223424 15 
 616000: system.l2: 31404800 14 
 616000: system.l2: 29586176 13 
 616000: system.l2: 17503040 10 
 616000: system.l2: 16806720 9 
 616000: system.l2: 16110400 8 
 616000: system.l2: 15403264 7 
 616000: system.l2: 14747904 6 
 616000: system.l2: 14092544 5 
 616000: system.l2: 13437184 4 
 616000: system.l2: 12718848 3 
 616000: system.l2: 635712 0 
 617000: system.l2: 637376 0 
 617000: system.l2: 16112064 8 
 617000: system.l2: 16808384 9 
 617000: system.l2: 17504704 10 
 618000: system.l2: 16928064 10 
 618000: system.l2: 16231744 9 
 618000: system.l2: 15535424 8 
 618000: system.l2: 60736 0 
 619000: system.l2: 5057536 1 
 619000: system.l2: 10226688 2 
 619000: system.l2: 21924864 11 
 619000: system.l2: 27094016 12 
 620000: system.l2: 33222976 15 
 620000: system.l2: 31404352 14 
 620000: system.l2: 29585728 13 
 620000: system.l2: 12718400 3 
 621000: system.l2: 11868736 3 
 621000: system.l2: 28736064 13 
 621000: system.l2: 30554688 14 
 621000: system.l2: 32373312 15 
 622000: system.l2: 14832192 7 
 622000: system.l2: 14176832 6 
 622000: system.l2: 13521472 5 
 622000: system.l2: 12866112 4 
 625000: system.l2: 3757312 1 
 625000: system.l2: 8926464 2 
 625000: system.l2: 20624640 11 
 625000: system.l2: 25793792 12 
 633000: system.l2: 33488384 0 
 633000: system.l2: 33455616 4 
 633000: system.l2: 33447424 5 
 633000: system.l2: 33439232 6 
 633000: system.l2: 33431040 7 
 633000: system.l2: 33422848 8 
 633000: system.l2: 33414656 9 
 633000: system.l2: 33406464 10 
 634000: system.l2: 14830784 7 
 634000: system.l2: 14175424 6 
 634000: system.l2: 13520064 5 
 634000: system.l2: 12864704 4 
 636000: system.l2: 33390080 12 
 636000: system.l2: 33398272 11 
 636000: system.l2: 33472000 2 
 636000: system.l2: 33480192 1 
 637000: system.l2: 3755904 1 
 637000: system.l2: 8925056 2 
 637000: system.l2: 33463808 3 
 637000: system.l2: 20623232 11 
 637000: system.l2: 25792384 12 
 637000: system.l2: 33381888 13 
 637000: system.l2: 33373696 14 
 637000: system.l2: 33365504 15 
 641000: system.l2: 622656 0 
 641000: system.l2: 13427328 4 
 641000: system.l2: 14082688 5 
 641000: system.l2: 14738048 6 
 641000: system.l2: 15393408 7 
 641000: system.l2: 16097344 8 
 641000: system.l2: 16793664 9 
 641000: system.l2: 17489984 10 
 643000: system.l2: 59392 0 
 643000: system.l2: 12864768 4 
 643000: system.l2: 13520128 5 
 643000: system.l2: 14175488 6 
 643000: system.l2: 14830848 7 
 643000: system.l2: 15534080 8 
 643000: system.l2: 16230400 9 
 643000: system.l2: 16926720 10 
 644000: system.l2: 27077888 12 
 644000: system.l2: 21908736 11 
 644000: system.l2: 10210560 2 
 644000: system.l2: 5041408 1 
 645000: system.l2: 12707648 3 
 645000: system.l2: 29574976 13 
 645000: system.l2: 31393600 14 
 645000: system.l2: 33212224 15 
 646000: system.l2: 25792448 12 
 646000: system.l2: 20623296 11 
 646000: system.l2: 8925120 2 
 646000: system.l2: 3755968 1 
 647000: system.l2: 11867392 3 
 647000: system.l2: 28734720 13 
 647000: system.l2: 30553344 14 
 647000: system.l2: 32371968 15 
 649000: system.l2: 139200 0 
 649000: system.l2: 15613888 8 
 649000: system.l2: 16310208 9 
 649000: system.l2: 17006528 10 
 650000: system.l2: 14910592 7 
 650000: system.l2: 14255232 6 
 650000: system.l2: 13599872 5 
 650000: system.l2: 12944512 4 
 652000: system.l2: 14910656 7 
 652000: system.l2: 14255296 6 
 652000: system.l2: 13599936 5 
 652000: system.l2: 12944576 4 
 653000: system.l2: 3917824 1 
 653000: system.l2: 9086976 2 
 653000: system.l2: 12260928 3 
 653000: system.l2: 20785152 11 
 653000: system.l2: 25954304 12 
 653000: system.l2: 29128256 13 
 653000: system.l2: 30946880 14 
 653000: system.l2: 32765504 15 
 660000: system.l2: 17006656 10 
 660000: system.l2: 16310336 9 
 660000: system.l2: 15614016 8 
 660000: system.l2: 14910784 7 
 660000: system.l2: 14255424 6 
 660000: system.l2: 13600064 5 
 660000: system.l2: 12944704 4 
 660000: system.l2: 139328 0 
 663000: system.l2: 636288 0 
 663000: system.l2: 3917952 1 
 663000: system.l2: 9087104 2 
 663000: system.l2: 12261056 3 
 663000: system.l2: 13437760 4 
 663000: system.l2: 14093120 5 
 663000: system.l2: 14748480 6 
 663000: system.l2: 15403840 7 
 663000: system.l2: 16110976 8 
 663000: system.l2: 16807296 9 
 663000: system.l2: 17503616 10 
 663000: system.l2: 20785280 11 
 663000: system.l2: 25954432 12 
 663000: system.l2: 29128384 13 
 663000: system.l2: 30947008 14 
 663000: system.l2: 32765632 15 
 664000: system.l2: 25954496 12 
 664000: system.l2: 20785344 11 
 664000: system.l2: 17006720 10 
 664000: system.l2: 16310400 9 
 664000: system.l2: 15614080 8 
 664000: system.l2: 9087168 2 
 664000: system.l2: 3918016 1 
 664000: system.l2: 139392 0 
 666000: system.l2: 33227008 15 
 666000: system.l2: 31408384 14 
 666000: system.l2: 29589760 13 
 666000: system.l2: 27098816 12 
 666000: system.l2: 21929664 11 
 666000: system.l2: 12722432 3 
 666000: system.l2: 10231488 2 
 666000: system.l2: 5062336 1 
 667000: system.l2: 208576 0 
 667000: system.l2: 13014144 4 
 667000: system.l2: 13669504 5 
 667000: system.l2: 14324864 6 
 667000: system.l2: 14980224 7 
 667000: system.l2: 15683264 8 
 667000: system.l2: 16379584 9 
 667000: system.l2: 17075904 10 
 670000: system.l2: 32810176 15 
 670000: system.l2: 30991552 14 
 670000: system.l2: 29172928 13 
 670000: system.l2: 26026432 12 
 670000: system.l2: 20857280 11 
 670000: system.l2: 12305600 3 
 670000: system.l2: 9159104 2 
 670000: system.l2: 3989952 1 
 671000: system.l2: 208640 0 
 671000: system.l2: 15683328 8 
 671000: system.l2: 16379648 9 
 671000: system.l2: 17075968 10 
 673000: system.l2: 12305664 3 
 673000: system.l2: 29172992 13 
 673000: system.l2: 30991616 14 
 673000: system.l2: 32810240 15 
 675000: system.l2: 13014208 4 
 675000: system.l2: 13669568 5 
 675000: system.l2: 14324928 6 
 675000: system.l2: 14980288 7 
 682000: system.l2: 26026496 12 
 682000: system.l2: 20857344 11 
 682000: system.l2: 9159168 2 
 682000: system.l2: 3990016 1 
 687000: system.l2: 208704 0 
 687000: system.l2: 15683392 8 
 687000: system.l2: 16379712 9 
 687000: system.l2: 17076032 10 
 689000: system.l2: 12305728 3 
 689000: system.l2: 29173056 13 
 689000: system.l2: 30991680 14 
 689000: system.l2: 32810304 15 
 690000: system.l2: 14980352 7 
 690000: system.l2: 14324992 6 
 690000: system.l2: 13669632 5 
 690000: system.l2: 13014272 4 
 693000: system.l2: 3990080 1 
 693000: system.l2: 9159232 2 
 693000: system.l2: 20857408 11 
 693000: system.l2: 26026560 12 
 695000: system.l2: 332544 0 
 695000: system.l2: 13138944 4 
 695000: system.l2: 13794304 5 
 695000: system.l2: 14449664 6 
 695000: system.l2: 15105024 7 
 695000: system.l2: 15807232 8 
 695000: system.l2: 16503552 9 
 695000: system.l2: 17199872 10 
 698000: system.l2: 26065152 12 
 698000: system.l2: 20896000 11 
 698000: system.l2: 9197824 2 
 698000: system.l2: 4028672 1 
 700000: system.l2: 32838336 15 
 700000: system.l2: 31019712 14 
 700000: system.l2: 29201088 13 
 700000: system.l2: 12333760 3 
 701000: system.l2: 13139008 4 
 701000: system.l2: 13794368 5 
 701000: system.l2: 14449728 6 
 701000: system.l2: 15105088 7 
 705000: system.l2: 208768 0 
 705000: system.l2: 15683456 8 
 705000: system.l2: 16379776 9 
 705000: system.l2: 17076096 10 
 707000: system.l2: 12305792 3 
 707000: system.l2: 29173120 13 
 707000: system.l2: 30991744 14 
 707000: system.l2: 32810368 15 
 709000: system.l2: 13014336 4 
 709000: system.l2: 13669696 5 
 709000: system.l2: 14325056 6 
 709000: system.l2: 14980416 7 
 716000: system.l2: 26026624 12 
 716000: system.l2: 20857472 11 
 716000: system.l2: 9159296 2 
 716000: system.l2: 3990144 1 
 721000: system.l2: 208832 0 
 721000: system.l2: 15683520 8 
 721000: system.l2: 16379840 9 
 721000: system.l2: 17076160 10 
 723000: system.l2: 12305856 3 
 723000: system.l2: 29173184 13 
 723000: system.l2: 30991808 14 
 723000: system.l2: 32810432 15 
 725000: system.l2: 13014400 4 
 725000: system.l2: 13669760 5 
 725000: system.l2: 14325120 6 
 725000: system.l2: 14980480 7 
 729000: system.l2: 332608 0 
 729000: system.l2: 15807296 8 
 729000: system.l2: 16503616 9 
 729000: system.l2: 17199936 10 
 732000: system.l2: 26065216 12 
 732000: system.l2: 20896064 11 
 732000: system.l2: 9197888 2 
 732000: system.l2: 4028736 1 
 734000: system.l2: 32838400 15 
 734000: system.l2: 31019776 14 
 734000: system.l2: 29201152 13 
 734000: system.l2: 12333824 3 
 735000: system.l2: 13139072 4 
 735000: system.l2: 13794432 5 
 735000: system.l2: 14449792 6 
 735000: system.l2: 15105152 7 
 741000: system.l2: 3990208 1 
 741000: system.l2: 9159360 2 
 741000: system.l2: 20857536 11 
 741000: system.l2: 26026688 12 
 746000: system.l2: 14910848 7 
 746000: system.l2: 14255488 6 
 746000: system.l2: 13600128 5 
 746000: system.l2: 12944768 4 
 747000: system.l2: 139264 0 
 747000: system.l2: 634752 0 
 747000: system.l2: 12261120 3 
 747000: system.l2: 13436352 4 
 747000: system.l2: 14091712 5 
 747000: system.l2: 14747072 6 
 747000: system.l2: 15402432 7 
 747000: system.l2: 15613952 8 
 747000: system.l2: 16109440 8 
 747000: system.l2: 16310272 9 
 747000: system.l2: 16805760 9 
 747000: system.l2: 17006592 10 
 747000: system.l2: 17502080 10 
 747000: system.l2: 29128448 13 
 747000: system.l2: 30947072 14 
 747000: system.l2: 32765696 15 
 749000: system.l2: 635904 0 
 749000: system.l2: 13437376 4 
 749000: system.l2: 14092736 5 
 749000: system.l2: 14748096 6 
 749000: system.l2: 15403456 7 
 749000: system.l2: 16110592 8 
 749000: system.l2: 16806912 9 
 749000: system.l2: 17503232 10 
 750000: system.l2: 33223040 15 
 750000: system.l2: 31404416 14 
 750000: system.l2: 29585792 13 
 750000: system.l2: 25954368 12 
 750000: system.l2: 27094208 12 
 750000: system.l2: 20785216 11 
 750000: system.l2: 21925056 11 
 750000: system.l2: 14910720 7 
 750000: system.l2: 15405120 7 
 750000: system.l2: 14255360 6 
 750000: system.l2: 14749760 6 
 750000: system.l2: 13600000 5 
 750000: system.l2: 14094400 5 
 750000: system.l2: 12944640 4 
 750000: system.l2: 13439040 4 
 750000: system.l2: 12718464 3 
 750000: system.l2: 9087040 2 
 750000: system.l2: 10226880 2 
 750000: system.l2: 3917888 1 
 750000: system.l2: 5057728 1 
 751000: system.l2: 12260992 3 
 751000: system.l2: 29128320 13 
 751000: system.l2: 30946944 14 
 751000: system.l2: 32765568 15 
 752000: system.l2: 33225024 15 
 752000: system.l2: 31406400 14 
 752000: system.l2: 29587776 13 
 752000: system.l2: 27097408 12 
 752000: system.l2: 21928256 11 
 752000: system.l2: 12720448 3 
 752000: system.l2: 10230080 2 
 752000: system.l2: 5060928 1 
 753000: system.l2: 12724352 3 
 753000: system.l2: 29591680 13 
 753000: system.l2: 31410304 14 
 753000: system.l2: 33228928 15 
 755000: system.l2: 139008 0 
 755000: system.l2: 12944320 4 
 755000: system.l2: 13599680 5 
 755000: system.l2: 14255040 6 
 755000: system.l2: 14910400 7 
 755000: system.l2: 15613696 8 
 755000: system.l2: 16310016 9 
 755000: system.l2: 17006336 10 
 758000: system.l2: 32765184 15 
 758000: system.l2: 30946560 14 
 758000: system.l2: 29127936 13 
 758000: system.l2: 25953984 12 
 758000: system.l2: 20784832 11 
 758000: system.l2: 14910464 7 
 758000: system.l2: 14255104 6 
 758000: system.l2: 13599744 5 
 758000: system.l2: 12944384 4 
 758000: system.l2: 12260608 3 
 758000: system.l2: 9086656 2 
 758000: system.l2: 3917504 1 
 761000: system.l2: 139136 0 
 761000: system.l2: 15613824 8 
 761000: system.l2: 16310144 9 
 761000: system.l2: 17006464 10 
 764000: system.l2: 32765312 15 
 764000: system.l2: 30946688 14 
 764000: system.l2: 29128064 13 
 764000: system.l2: 25954112 12 
 764000: system.l2: 20784960 11 
 764000: system.l2: 12260736 3 
 764000: system.l2: 9086784 2 
 764000: system.l2: 3917632 1 
 769000: system.l2: 137088 0 
 769000: system.l2: 12942464 4 
 769000: system.l2: 13597824 5 
 769000: system.l2: 14253184 6 
 769000: system.l2: 14908544 7 
 769000: system.l2: 15611776 8 
 769000: system.l2: 16308096 9 
 769000: system.l2: 17004416 10 
 772000: system.l2: 25952064 12 
 772000: system.l2: 20782912 11 
 772000: system.l2: 9084736 2 
 772000: system.l2: 3915584 1 
 773000: system.l2: 12258176 3 
 773000: system.l2: 29125504 13 
 773000: system.l2: 30944128 14 
 773000: system.l2: 32762752 15 
 778000: system.l2: 25952128 12 
 778000: system.l2: 20782976 11 
 778000: system.l2: 9084800 2 
 778000: system.l2: 3915648 1 
 779000: system.l2: 13438848 4 
 779000: system.l2: 14094208 5 
 779000: system.l2: 14749568 6 
 779000: system.l2: 15404928 7 
 781000: system.l2: 137152 0 
 781000: system.l2: 5056704 1 
 781000: system.l2: 10225856 2 
 781000: system.l2: 12717696 3 
 781000: system.l2: 15611840 8 
 781000: system.l2: 16308160 9 
 781000: system.l2: 17004480 10 
 781000: system.l2: 21924032 11 
 781000: system.l2: 27093184 12 
 781000: system.l2: 29585024 13 
 781000: system.l2: 31403648 14 
 781000: system.l2: 33222272 15 
 783000: system.l2: 12942528 4 
 783000: system.l2: 13597888 5 
 783000: system.l2: 14253248 6 
 783000: system.l2: 14908608 7 
 786000: system.l2: 32762816 15 
 786000: system.l2: 30944192 14 
 786000: system.l2: 29125568 13 
 786000: system.l2: 12258240 3 
 787000: system.l2: 210944 0 
 787000: system.l2: 13016512 4 
 787000: system.l2: 13671872 5 
 787000: system.l2: 14327232 6 
 787000: system.l2: 14982592 7 
 787000: system.l2: 15685632 8 
 787000: system.l2: 16381952 9 
 787000: system.l2: 17078272 10 
 788000: system.l2: 25952192 12 
 788000: system.l2: 20783040 11 
 788000: system.l2: 9084864 2 
 788000: system.l2: 3915712 1 
 791000: system.l2: 3760128 1 
 791000: system.l2: 8929280 2 
 791000: system.l2: 11908672 3 
 791000: system.l2: 20627456 11 
 791000: system.l2: 25796608 12 
 791000: system.l2: 28776000 13 
 791000: system.l2: 30594624 14 
 791000: system.l2: 32413248 15 
 793000: system.l2: 11908736 3 
 793000: system.l2: 28776064 13 
 793000: system.l2: 30594688 14 
 793000: system.l2: 32413312 15 
 796000: system.l2: 17078336 10 
 796000: system.l2: 16382016 9 
 796000: system.l2: 15685696 8 
 796000: system.l2: 211008 0 
 797000: system.l2: 120000 0 
 797000: system.l2: 509184 0 
 797000: system.l2: 3760192 1 
 797000: system.l2: 8929344 2 
 797000: system.l2: 15594688 8 
 797000: system.l2: 15983872 8 
 797000: system.l2: 16291008 9 
 797000: system.l2: 16680192 9 
 797000: system.l2: 16987328 10 
 797000: system.l2: 17376512 10 
 797000: system.l2: 20627520 11 
 797000: system.l2: 25796672 12 
 798000: system.l2: 14891136 7 
 798000: system.l2: 15275584 7 
 798000: system.l2: 14235776 6 
 798000: system.l2: 14620224 6 
 798000: system.l2: 13580416 5 
 798000: system.l2: 13964864 5 
 798000: system.l2: 12925056 4 
 798000: system.l2: 13309504 4 
 801000: system.l2: 3874816 1 
 801000: system.l2: 4674432 1 
 801000: system.l2: 9043968 2 
 801000: system.l2: 9843584 2 
 801000: system.l2: 20742144 11 
 801000: system.l2: 21541760 11 
 801000: system.l2: 25911296 12 
 801000: system.l2: 26710912 12 
 802000: system.l2: 32652544 15 
 802000: system.l2: 32970048 15 
 802000: system.l2: 30833920 14 
 802000: system.l2: 31151424 14 
 802000: system.l2: 29015296 13 
 802000: system.l2: 29332800 13 
 802000: system.l2: 14891200 7 
 802000: system.l2: 14235840 6 
 802000: system.l2: 13580480 5 
 802000: system.l2: 12925120 4 
 802000: system.l2: 12147968 3 
 802000: system.l2: 12465472 3 
 805000: system.l2: 120064 0 
 805000: system.l2: 15594752 8 
 805000: system.l2: 16291072 9 
 805000: system.l2: 16987392 10 
 810000: system.l2: 32652608 15 
 810000: system.l2: 30833984 14 
 810000: system.l2: 29015360 13 
 810000: system.l2: 12148032 3 
 813000: system.l2: 3874880 1 
 813000: system.l2: 9044032 2 
 813000: system.l2: 20742208 11 
 813000: system.l2: 25911360 12 
 817000: system.l2: 13016576 4 
 817000: system.l2: 13671936 5 
 817000: system.l2: 14327296 6 
 817000: system.l2: 14982656 7 
 822000: system.l2: 32413376 15 
 822000: system.l2: 30594752 14 
 822000: system.l2: 28776128 13 
 822000: system.l2: 17078464 10 
 822000: system.l2: 16382144 9 
 822000: system.l2: 15685824 8 
 822000: system.l2: 11908800 3 
 822000: system.l2: 211136 0 
 823000: system.l2: 11908864 3 
 823000: system.l2: 13016704 4 
 823000: system.l2: 13672064 5 
 823000: system.l2: 14327424 6 
 823000: system.l2: 14982784 7 
 823000: system.l2: 28776192 13 
 823000: system.l2: 30594816 14 
 823000: system.l2: 32413440 15 
 826000: system.l2: 25796800 12 
 826000: system.l2: 20627648 11 
 826000: system.l2: 8929472 2 
 826000: system.l2: 3760320 1 
 828000: system.l2: 32413504 15 
 828000: system.l2: 30594880 14 
 828000: system.l2: 28776256 13 
 828000: system.l2: 11908928 3 
 831000: system.l2: 211264 0 
 831000: system.l2: 15685952 8 
 831000: system.l2: 16382272 9 
 831000: system.l2: 17078592 10 
 832000: system.l2: 32413568 15 
 832000: system.l2: 30594944 14 
 832000: system.l2: 28776320 13 
 832000: system.l2: 14982912 7 
 832000: system.l2: 14327552 6 
 832000: system.l2: 13672192 5 
 832000: system.l2: 13016832 4 
 832000: system.l2: 11908992 3 
 835000: system.l2: 3760448 1 
 835000: system.l2: 8929600 2 
 835000: system.l2: 11909056 3 
 835000: system.l2: 20627776 11 
 835000: system.l2: 25796928 12 
 835000: system.l2: 28776384 13 
 835000: system.l2: 30595008 14 
 835000: system.l2: 32413632 15 
 842000: system.l2: 25796992 12 
 842000: system.l2: 20627840 11 
 842000: system.l2: 8929664 2 
 842000: system.l2: 3760512 1 
 844000: system.l2: 17004544 10 
 844000: system.l2: 16308224 9 
 844000: system.l2: 15611904 8 
 844000: system.l2: 137216 0 
 846000: system.l2: 17448448 10 
 846000: system.l2: 16752128 9 
 846000: system.l2: 16055808 8 
 846000: system.l2: 581120 0 
 847000: system.l2: 12515904 3 
 847000: system.l2: 13375488 4 
 847000: system.l2: 14030848 5 
 847000: system.l2: 14686208 6 
 847000: system.l2: 15341568 7 
 847000: system.l2: 29383232 13 
 847000: system.l2: 31201856 14 
 847000: system.l2: 33020480 15 
 849000: system.l2: 12718912 3 
 849000: system.l2: 29586240 13 
 849000: system.l2: 31404864 14 
 849000: system.l2: 33223488 15 
 850000: system.l2: 26779136 12 
 850000: system.l2: 21609984 11 
 850000: system.l2: 14908672 7 
 850000: system.l2: 14253312 6 
 850000: system.l2: 13597952 5 
 850000: system.l2: 12942592 4 
 850000: system.l2: 9911808 2 
 850000: system.l2: 4742656 1 
 851000: system.l2: 12258304 3 
 851000: system.l2: 29125632 13 
 851000: system.l2: 30944256 14 
 851000: system.l2: 32762880 15 
 852000: system.l2: 27094912 12 
 852000: system.l2: 21925760 11 
 852000: system.l2: 10227584 2 
 852000: system.l2: 5058432 1 
 880000: system.l2: 26710976 12 
 880000: system.l2: 21541824 11 
 880000: system.l2: 9843648 2 
 880000: system.l2: 4674496 1 
 914000: system.l2: 32847872 15 
 914000: system.l2: 31029248 14 
 914000: system.l2: 29210624 13 
 914000: system.l2: 12343296 3 
 916000: system.l2: 25952256 12 
 916000: system.l2: 20783104 11 
 916000: system.l2: 9084928 2 
 916000: system.l2: 3915776 1 
 917000: system.l2: 344960 0 
 917000: system.l2: 15819648 8 
 917000: system.l2: 16515968 9 
 917000: system.l2: 17212288 10 
 918000: system.l2: 15117568 7 
 918000: system.l2: 14462208 6 
 918000: system.l2: 13806848 5 
 918000: system.l2: 13151488 4 
 920000: system.l2: 15117632 7 
 920000: system.l2: 14462272 6 
 920000: system.l2: 13806912 5 
 920000: system.l2: 13151552 4 
 921000: system.l2: 4038208 1 
 921000: system.l2: 9207360 2 
 921000: system.l2: 20905536 11 
 921000: system.l2: 26074688 12 
 922000: system.l2: 32847936 15 
 922000: system.l2: 33223744 15 
 922000: system.l2: 31029312 14 
 922000: system.l2: 31405120 14 
 922000: system.l2: 29210688 13 
 922000: system.l2: 29586496 13 
 922000: system.l2: 12343360 3 
 922000: system.l2: 12719168 3 
 925000: system.l2: 4038272 1 
 925000: system.l2: 9207424 2 
 925000: system.l2: 20905600 11 
 925000: system.l2: 26074752 12 
 927000: system.l2: 345024 0 
 927000: system.l2: 15819712 8 
 927000: system.l2: 16516032 9 
 927000: system.l2: 17212352 10 
 929000: system.l2: 5058944 1 
 929000: system.l2: 10228096 2 
 929000: system.l2: 21926272 11 
 929000: system.l2: 27095424 12 
 931000: system.l2: 5060096 1 
 931000: system.l2: 10229248 2 
 931000: system.l2: 21927424 11 
 931000: system.l2: 27096576 12 
 936000: system.l2: 33313600 15 
 936000: system.l2: 31494976 14 
 936000: system.l2: 29676352 13 
 936000: system.l2: 12809024 3 
 938000: system.l2: 17514048 10 
 938000: system.l2: 16817728 9 
 938000: system.l2: 16121408 8 
 938000: system.l2: 646720 0 
 939000: system.l2: 13459392 4 
 939000: system.l2: 14114752 5 
 939000: system.l2: 14770112 6 
 939000: system.l2: 15425472 7 
 940000: system.l2: 33219136 15 
 940000: system.l2: 31400512 14 
 940000: system.l2: 29581888 13 
 940000: system.l2: 12714560 3 
 942000: system.l2: 17493632 10 
 942000: system.l2: 16797312 9 
 942000: system.l2: 16100992 8 
 942000: system.l2: 626304 0 
 943000: system.l2: 5637312 1 
 943000: system.l2: 10806464 2 
 943000: system.l2: 13430784 4 
 943000: system.l2: 14086144 5 
 943000: system.l2: 14741504 6 
 943000: system.l2: 15396864 7 
 943000: system.l2: 22504640 11 
 943000: system.l2: 27673792 12 
 945000: system.l2: 12714496 3 
 945000: system.l2: 13151616 4 
 945000: system.l2: 13806976 5 
 945000: system.l2: 14462336 6 
 945000: system.l2: 15117696 7 
 945000: system.l2: 29581824 13 
 945000: system.l2: 31400448 14 
 945000: system.l2: 33219072 15 
 947000: system.l2: 5044928 1 
 947000: system.l2: 10214080 2 
 947000: system.l2: 21912256 11 
 947000: system.l2: 27081408 12 
 948000: system.l2: 32848000 15 
 948000: system.l2: 31029376 14 
 948000: system.l2: 29210752 13 
 948000: system.l2: 12343424 3 
 949000: system.l2: 12140736 3 
 949000: system.l2: 29008064 13 
 949000: system.l2: 30826688 14 
 949000: system.l2: 32645312 15 
 950000: system.l2: 33365056 15 
 950000: system.l2: 33373248 14 
 950000: system.l2: 33381440 13 
 950000: system.l2: 33463360 3 
 951000: system.l2: 114752 0 
 951000: system.l2: 4038336 1 
 951000: system.l2: 9207488 2 
 951000: system.l2: 15589440 8 
 951000: system.l2: 16285760 9 
 951000: system.l2: 16982080 10 
 951000: system.l2: 20905664 11 
 951000: system.l2: 26074816 12 
 952000: system.l2: 33406016 10 
 952000: system.l2: 33414208 9 
 952000: system.l2: 33422400 8 
 952000: system.l2: 14886528 7 
 952000: system.l2: 14231168 6 
 952000: system.l2: 13575808 5 
 952000: system.l2: 12920448 4 
 952000: system.l2: 33487936 0 
 953000: system.l2: 12920512 4 
 953000: system.l2: 33455168 4 
 953000: system.l2: 13575872 5 
 953000: system.l2: 33446976 5 
 953000: system.l2: 14231232 6 
 953000: system.l2: 33438784 6 
 953000: system.l2: 14886592 7 
 953000: system.l2: 33430592 7 
 955000: system.l2: 114816 0 
 955000: system.l2: 15589504 8 
 955000: system.l2: 16285824 9 
 955000: system.l2: 16982144 10 
 957000: system.l2: 3867456 1 
 957000: system.l2: 9036608 2 
 957000: system.l2: 12722240 3 
 957000: system.l2: 20734784 11 
 957000: system.l2: 25903936 12 
 957000: system.l2: 29589568 13 
 957000: system.l2: 31408192 14 
 957000: system.l2: 33226816 15 
 958000: system.l2: 33389632 12 
 958000: system.l2: 33397824 11 
 958000: system.l2: 33471552 2 
 958000: system.l2: 33479744 1 
 959000: system.l2: 636096 0 
 959000: system.l2: 12140800 3 
 959000: system.l2: 16110784 8 
 959000: system.l2: 16807104 9 
 959000: system.l2: 17503424 10 
 959000: system.l2: 29008128 13 
 959000: system.l2: 30826752 14 
 959000: system.l2: 32645376 15 
 960000: system.l2: 32645952 15 
 960000: system.l2: 30827328 14 
 960000: system.l2: 29008704 13 
 960000: system.l2: 15403712 7 
 960000: system.l2: 14748352 6 
 960000: system.l2: 14092992 5 
 960000: system.l2: 13437632 4 
 960000: system.l2: 12141376 3 
 962000: system.l2: 25904000 12 
 962000: system.l2: 20734848 11 
 962000: system.l2: 16982720 10 
 962000: system.l2: 16286400 9 
 962000: system.l2: 15590080 8 
 962000: system.l2: 9036672 2 
 962000: system.l2: 3867520 1 
 962000: system.l2: 115392 0 
 963000: system.l2: 12921088 4 
 963000: system.l2: 13576448 5 
 963000: system.l2: 14231808 6 
 963000: system.l2: 14887168 7 
 965000: system.l2: 5062144 1 
 965000: system.l2: 10231296 2 
 965000: system.l2: 21929472 11 
 965000: system.l2: 27098624 12 
 966000: system.l2: 14887232 7 
 966000: system.l2: 14231872 6 
 966000: system.l2: 13576512 5 
 966000: system.l2: 12921152 4 
 968000: system.l2: 25904576 12 
 968000: system.l2: 20735424 11 
 968000: system.l2: 16982784 10 
 968000: system.l2: 16286464 9 
 968000: system.l2: 15590144 8 
 968000: system.l2: 9037248 2 
 968000: system.l2: 3868096 1 
 968000: system.l2: 115456 0 
 970000: system.l2: 32628992 15 
 970000: system.l2: 30810368 14 
 970000: system.l2: 28991744 13 
 970000: system.l2: 12124416 3 
 971000: system.l2: 33463296 3 
 971000: system.l2: 33381376 13 
 971000: system.l2: 33373184 14 
 971000: system.l2: 33364992 15 
 972000: system.l2: 32629056 15 
 972000: system.l2: 30810432 14 
 972000: system.l2: 28991808 13 
 972000: system.l2: 16965824 10 
 972000: system.l2: 16269504 9 
 972000: system.l2: 15573184 8 
 972000: system.l2: 12124480 3 
 972000: system.l2: 98496 0 
 973000: system.l2: 33487872 0 
 973000: system.l2: 12904192 4 
 973000: system.l2: 13559552 5 
 973000: system.l2: 14214912 6 
 973000: system.l2: 14870272 7 
 973000: system.l2: 33422336 8 
 973000: system.l2: 33414144 9 
 973000: system.l2: 33405952 10 
 974000: system.l2: 33430528 7 
 974000: system.l2: 33438720 6 
 974000: system.l2: 33446912 5 
 974000: system.l2: 33455104 4 
 975000: system.l2: 3868160 1 
 975000: system.l2: 9037312 2 
 975000: system.l2: 20735488 11 
 975000: system.l2: 25904640 12 
 978000: system.l2: 25887680 12 
 978000: system.l2: 20718528 11 
 978000: system.l2: 9020352 2 
 978000: system.l2: 3851200 1 
 979000: system.l2: 33479680 1 
 979000: system.l2: 33471488 2 
 979000: system.l2: 33397760 11 
 979000: system.l2: 33389568 12 
 982000: system.l2: 17503488 10 
 982000: system.l2: 16807168 9 
 982000: system.l2: 16110848 8 
 982000: system.l2: 14870336 7 
 982000: system.l2: 14214976 6 
 982000: system.l2: 13559616 5 
 982000: system.l2: 12904256 4 
 982000: system.l2: 636160 0 
 984000: system.l2: 16965888 10 
 984000: system.l2: 16269568 9 
 984000: system.l2: 15573248 8 
 984000: system.l2: 98560 0 
 987000: system.l2: 12806528 3 
 987000: system.l2: 29673856 13 
 987000: system.l2: 31492480 14 
 987000: system.l2: 33311104 15 
 988000: system.l2: 32629120 15 
 988000: system.l2: 30810496 14 
 988000: system.l2: 28991872 13 
 988000: system.l2: 12124544 3 
 989000: system.l2: 644224 0 
 989000: system.l2: 16118912 8 
 989000: system.l2: 16815232 9 
 989000: system.l2: 17511552 10 
 990000: system.l2: 15422976 7 
 990000: system.l2: 14767616 6 
 990000: system.l2: 14112256 5 
 990000: system.l2: 13456896 4 
 991000: system.l2: 3851264 1 
 991000: system.l2: 9020416 2 
 991000: system.l2: 20718592 11 
 991000: system.l2: 25887744 12 
 994000: system.l2: 32736128 15 
 994000: system.l2: 30917504 14 
 994000: system.l2: 29098880 13 
 994000: system.l2: 12231552 3 
 995000: system.l2: 5634752 1 
 995000: system.l2: 10803904 2 
 995000: system.l2: 22502080 11 
 995000: system.l2: 27671232 12 
1000000: system.l2: 16996352 10 
1000000: system.l2: 16300032 9 
1000000: system.l2: 15603712 8 
1000000: system.l2: 129024 0 
1004000: system.l2: 33308928 15 
1004000: system.l2: 31490304 14 
1004000: system.l2: 29671680 13 
1004000: system.l2: 14870400 7 
1004000: system.l2: 14215040 6 
1004000: system.l2: 13559680 5 
1004000: system.l2: 12904320 4 
1004000: system.l2: 12804352 3 
1006000: system.l2: 33311040 15 
1006000: system.l2: 31492416 14 
1006000: system.l2: 29673792 13 
1006000: system.l2: 16965952 10 
1006000: system.l2: 17509376 10 
1006000: system.l2: 16269632 9 
1006000: system.l2: 16813056 9 
1006000: system.l2: 15573312 8 
1006000: system.l2: 16116736 8 
1006000: system.l2: 12806464 3 
1006000: system.l2: 98624 0 
1006000: system.l2: 642048 0 
1007000: system.l2: 13454720 4 
1007000: system.l2: 14110080 5 
1007000: system.l2: 14765440 6 
1007000: system.l2: 15420800 7 
1008000: system.l2: 33228032 15 
1008000: system.l2: 31409408 14 
1008000: system.l2: 29590784 13 
1008000: system.l2: 17511488 10 
1008000: system.l2: 16815168 9 
1008000: system.l2: 16118848 8 
1008000: system.l2: 12723456 3 
1008000: system.l2: 644160 0 
1009000: system.l2: 13456832 4 
1009000: system.l2: 14112192 5 
1009000: system.l2: 14767552 6 
1009000: system.l2: 15422912 7 
1010000: system.l2: 32629184 15 
1010000: system.l2: 30810560 14 
1010000: system.l2: 28991936 13 
1010000: system.l2: 17503808 10 
1010000: system.l2: 16807488 9 
1010000: system.l2: 16111168 8 
1010000: system.l2: 12124608 3 
1010000: system.l2: 636480 0 
1011000: system.l2: 13437952 4 
1011000: system.l2: 14093312 5 
1011000: system.l2: 14748672 6 
1011000: system.l2: 15404032 7 
1012000: system.l2: 33556224 15 
1012000: system.l2: 33564416 14 
1012000: system.l2: 33572608 13 
1012000: system.l2: 27669056 12 
1012000: system.l2: 22499904 11 
1012000: system.l2: 33597184 3 
1012000: system.l2: 10801728 2 
1012000: system.l2: 5632576 1 
1013000: system.l2: 3851328 1 
1013000: system.l2: 9020480 2 
1013000: system.l2: 20718656 11 
1013000: system.l2: 25887808 12 
1014000: system.l2: 27671168 12 
1014000: system.l2: 22502016 11 
1014000: system.l2: 33490688 10 
1014000: system.l2: 33498880 9 
1014000: system.l2: 33507072 8 
1014000: system.l2: 10803840 2 
1014000: system.l2: 5634688 1 
1014000: system.l2: 33548032 0 
1016000: system.l2: 27104000 12 
1016000: system.l2: 21934848 11 
1016000: system.l2: 10236672 2 
1016000: system.l2: 5067520 1 
1017000: system.l2: 12720896 3 
1017000: system.l2: 29588224 13 
1017000: system.l2: 31406848 14 
1017000: system.l2: 33225472 15 
Switched CPUS @ tick 1019000
Changing memory mode to timing
switching cpus
Switch at instruction count:0
info: Entering event queue @ 1019000.  Starting simulation...
Switching CPUS @ tick 1019000
Simulation ends instruction count:0
info: Entering event queue @ 1019000.  Starting simulation...
